This file contains any messages produced by compilers while
running configure, to aid debugging if configure makes a mistake.

It was created by nagios-plugins-uptime configure 7, which was
generated by GNU Autoconf 2.69.  Invocation command line was

  $ ./configure --libexecdir=/usr/lib/nagios/plugins

## --------- ##
## Platform. ##
## --------- ##

hostname = ben-VirtualBox
uname -m = x86_64
uname -r = 4.10.0-33-generic
uname -s = Linux
uname -v = #37~16.04.1-Ubuntu SMP Fri Aug 11 14:07:24 UTC 2017

/usr/bin/uname -p = unknown
/bin/uname -X     = unknown

/bin/arch              = unknown
/usr/bin/arch -k       = unknown
/usr/convex/getsysinfo = unknown
/usr/bin/hostinfo      = unknown
/bin/machine           = unknown
/usr/bin/oslevel       = unknown
/bin/universe          = unknown

PATH: /usr/local/sbin
PATH: /usr/local/bin
PATH: /usr/sbin
PATH: /usr/bin
PATH: /sbin
PATH: /bin
PATH: /snap/bin


## ----------- ##
## Core tests. ##
## ----------- ##

configure:2220: checking for a BSD-compatible install
configure:2288: result: /usr/bin/install -c
configure:2299: checking whether build environment is sane
configure:2354: result: yes
configure:2505: checking for a thread-safe mkdir -p
configure:2544: result: /bin/mkdir -p
configure:2551: checking for gawk
configure:2581: result: no
configure:2551: checking for mawk
configure:2567: found /usr/bin/mawk
configure:2578: result: mawk
configure:2589: checking whether make sets $(MAKE)
configure:2611: result: yes
configure:2640: checking whether make supports nested variables
configure:2657: result: yes
configure:2738: checking whether to enable maintainer-specific portions of Makefiles
configure:2747: result: no
configure:2764: checking build system type
configure:2778: result: x86_64-unknown-linux-gnu
configure:2798: checking host system type
configure:2811: result: x86_64-unknown-linux-gnu
configure:2882: checking for gcc
configure:2898: found /usr/bin/gcc
configure:2909: result: gcc
configure:3138: checking for C compiler version
configure:3147: gcc --version >&5
gcc (Ubuntu 5.4.0-6ubuntu1~16.04.4) 5.4.0 20160609
Copyright (C) 2015 Free Software Foundation, Inc.
This is free software; see the source for copying conditions.  There is NO
warranty; not even for MERCHANTABILITY or FITNESS FOR A PARTICULAR PURPOSE.

configure:3158: $? = 0
configure:3147: gcc -v >&5
Using built-in specs.
COLLECT_GCC=gcc
COLLECT_LTO_WRAPPER=/usr/lib/gcc/x86_64-linux-gnu/5/lto-wrapper
Target: x86_64-linux-gnu
Configured with: ../src/configure -v --with-pkgversion='Ubuntu 5.4.0-6ubuntu1~16.04.4' --with-bugurl=file:///usr/share/doc/gcc-5/README.Bugs --enable-languages=c,ada,c++,java,go,d,fortran,objc,obj-c++ --prefix=/usr --program-suffix=-5 --enable-shared --enable-linker-build-id --libexecdir=/usr/lib --without-included-gettext --enable-threads=posix --libdir=/usr/lib --enable-nls --with-sysroot=/ --enable-clocale=gnu --enable-libstdcxx-debug --enable-libstdcxx-time=yes --with-default-libstdcxx-abi=new --enable-gnu-unique-object --disable-vtable-verify --enable-libmpx --enable-plugin --with-system-zlib --disable-browser-plugin --enable-java-awt=gtk --enable-gtk-cairo --with-java-home=/usr/lib/jvm/java-1.5.0-gcj-5-amd64/jre --enable-java-home --with-jvm-root-dir=/usr/lib/jvm/java-1.5.0-gcj-5-amd64 --with-jvm-jar-dir=/usr/lib/jvm-exports/java-1.5.0-gcj-5-amd64 --with-arch-directory=amd64 --with-ecj-jar=/usr/share/java/eclipse-ecj.jar --enable-objc-gc --enable-multiarch --disable-werror --with-arch-32=i686 --with-abi=m64 --with-multilib-list=m32,m64,mx32 --enable-multilib --with-tune=generic --enable-checking=release --build=x86_64-linux-gnu --host=x86_64-linux-gnu --target=x86_64-linux-gnu
Thread model: posix
gcc version 5.4.0 20160609 (Ubuntu 5.4.0-6ubuntu1~16.04.4) 
configure:3158: $? = 0
configure:3147: gcc -V >&5
gcc: error: unrecognized command line option '-V'
gcc: fatal error: no input files
compilation terminated.
configure:3158: $? = 1
configure:3147: gcc -qversion >&5
gcc: error: unrecognized command line option '-qversion'
gcc: fatal error: no input files
compilation terminated.
configure:3158: $? = 1
configure:3178: checking whether the C compiler works
configure:3200: gcc    conftest.c  >&5
configure:3204: $? = 0
configure:3252: result: yes
configure:3255: checking for C compiler default output file name
configure:3257: result: a.out
configure:3263: checking for suffix of executables
configure:3270: gcc -o conftest    conftest.c  >&5
configure:3274: $? = 0
configure:3296: result: 
configure:3318: checking whether we are cross compiling
configure:3326: gcc -o conftest    conftest.c  >&5
configure:3330: $? = 0
configure:3337: ./conftest
configure:3341: $? = 0
configure:3356: result: no
configure:3361: checking for suffix of object files
configure:3383: gcc -c   conftest.c >&5
configure:3387: $? = 0
configure:3408: result: o
configure:3412: checking whether we are using the GNU C compiler
configure:3431: gcc -c   conftest.c >&5
configure:3431: $? = 0
configure:3440: result: yes
configure:3449: checking whether gcc accepts -g
configure:3469: gcc -c -g  conftest.c >&5
configure:3469: $? = 0
configure:3510: result: yes
configure:3527: checking for gcc option to accept ISO C89
configure:3590: gcc  -c -g -O2  conftest.c >&5
configure:3590: $? = 0
configure:3603: result: none needed
configure:3634: checking for style of include used by make
configure:3662: result: GNU
configure:3688: checking dependency style of gcc
configure:3799: result: gcc3
configure:3820: checking how to run the C preprocessor
configure:3851: gcc -E  conftest.c
configure:3851: $? = 0
configure:3865: gcc -E  conftest.c
conftest.c:11:28: fatal error: ac_nonexistent.h: No such file or directory
compilation terminated.
configure:3865: $? = 1
configure: failed program was:
| /* confdefs.h */
| #define PACKAGE_NAME "nagios-plugins-uptime"
| #define PACKAGE_TARNAME "nagios-plugins-uptime"
| #define PACKAGE_VERSION "7"
| #define PACKAGE_STRING "nagios-plugins-uptime 7"
| #define PACKAGE_BUGREPORT "davide.madrisan@gmail.com"
| #define PACKAGE_URL ""
| #define PACKAGE "nagios-plugins-uptime"
| #define VERSION "7"
| /* end confdefs.h.  */
| #include <ac_nonexistent.h>
configure:3890: result: gcc -E
configure:3910: gcc -E  conftest.c
configure:3910: $? = 0
configure:3924: gcc -E  conftest.c
conftest.c:11:28: fatal error: ac_nonexistent.h: No such file or directory
compilation terminated.
configure:3924: $? = 1
configure: failed program was:
| /* confdefs.h */
| #define PACKAGE_NAME "nagios-plugins-uptime"
| #define PACKAGE_TARNAME "nagios-plugins-uptime"
| #define PACKAGE_VERSION "7"
| #define PACKAGE_STRING "nagios-plugins-uptime 7"
| #define PACKAGE_BUGREPORT "davide.madrisan@gmail.com"
| #define PACKAGE_URL ""
| #define PACKAGE "nagios-plugins-uptime"
| #define VERSION "7"
| /* end confdefs.h.  */
| #include <ac_nonexistent.h>
configure:3953: checking for grep that handles long lines and -e
configure:4011: result: /bin/grep
configure:4016: checking for egrep
configure:4078: result: /bin/grep -E
configure:4084: checking whether gcc needs -traditional
configure:4118: result: no
configure:4168: checking for ranlib
configure:4184: found /usr/bin/ranlib
configure:4195: result: ranlib
configure:4218: checking for ANSI C header files
configure:4238: gcc -c -g -O2  conftest.c >&5
configure:4238: $? = 0
configure:4311: gcc -o conftest -g -O2   conftest.c  >&5
configure:4311: $? = 0
configure:4311: ./conftest
configure:4311: $? = 0
configure:4322: result: yes
configure:4330: checking whether time.h and sys/time.h may both be included
configure:4350: gcc -c -g -O2  conftest.c >&5
configure:4350: $? = 0
configure:4357: result: yes
configure:4371: checking for sys/types.h
configure:4371: gcc -c -g -O2  conftest.c >&5
configure:4371: $? = 0
configure:4371: result: yes
configure:4371: checking for sys/stat.h
configure:4371: gcc -c -g -O2  conftest.c >&5
configure:4371: $? = 0
configure:4371: result: yes
configure:4371: checking for stdlib.h
configure:4371: gcc -c -g -O2  conftest.c >&5
configure:4371: $? = 0
configure:4371: result: yes
configure:4371: checking for string.h
configure:4371: gcc -c -g -O2  conftest.c >&5
configure:4371: $? = 0
configure:4371: result: yes
configure:4371: checking for memory.h
configure:4371: gcc -c -g -O2  conftest.c >&5
configure:4371: $? = 0
configure:4371: result: yes
configure:4371: checking for strings.h
configure:4371: gcc -c -g -O2  conftest.c >&5
configure:4371: $? = 0
configure:4371: result: yes
configure:4371: checking for inttypes.h
configure:4371: gcc -c -g -O2  conftest.c >&5
configure:4371: $? = 0
configure:4371: result: yes
configure:4371: checking for stdint.h
configure:4371: gcc -c -g -O2  conftest.c >&5
configure:4371: $? = 0
configure:4371: result: yes
configure:4371: checking for unistd.h
configure:4371: gcc -c -g -O2  conftest.c >&5
configure:4371: $? = 0
configure:4371: result: yes
configure:4385: checking sys/param.h usability
configure:4385: gcc -c -g -O2  conftest.c >&5
configure:4385: $? = 0
configure:4385: result: yes
configure:4385: checking sys/param.h presence
configure:4385: gcc -E  conftest.c
configure:4385: $? = 0
configure:4385: result: yes
configure:4385: checking for sys/param.h
configure:4385: result: yes
configure:4399: checking for sys/sysctl.h
configure:4399: gcc -c -g -O2  conftest.c >&5
configure:4399: $? = 0
configure:4399: result: yes
configure:4416: checking sys/time.h usability
configure:4416: gcc -c -g -O2  conftest.c >&5
configure:4416: $? = 0
configure:4416: result: yes
configure:4416: checking sys/time.h presence
configure:4416: gcc -E  conftest.c
configure:4416: $? = 0
configure:4416: result: yes
configure:4416: checking for sys/time.h
configure:4416: result: yes
configure:4416: checking for strings.h
configure:4416: result: yes
configure:4430: checking getopt.h usability
configure:4430: gcc -c -g -O2  conftest.c >&5
configure:4430: $? = 0
configure:4430: result: yes
configure:4430: checking getopt.h presence
configure:4430: gcc -E  conftest.c
configure:4430: $? = 0
configure:4430: result: yes
configure:4430: checking for getopt.h
configure:4430: result: yes
configure:4430: checking err.h usability
configure:4430: gcc -c -g -O2  conftest.c >&5
configure:4430: $? = 0
configure:4430: result: yes
configure:4430: checking err.h presence
configure:4430: gcc -E  conftest.c
configure:4430: $? = 0
configure:4430: result: yes
configure:4430: checking for err.h
configure:4430: result: yes
configure:4440: checking for struct option in getopt
configure:4453: gcc -c -g -O2  conftest.c >&5
configure:4453: $? = 0
configure:4459: result: yes
configure:4464: checking sys/sysinfo.h usability
configure:4464: gcc -c -g -O2  conftest.c >&5
configure:4464: $? = 0
configure:4464: result: yes
configure:4464: checking sys/sysinfo.h presence
configure:4464: gcc -E  conftest.c
configure:4464: $? = 0
configure:4464: result: yes
configure:4464: checking for sys/sysinfo.h
configure:4464: result: yes
configure:4474: checking for uptime in struct sysinfo
configure:4489: gcc -c -g -O2  conftest.c >&5
conftest.c: In function 'main':
conftest.c:35:7: warning: implicit declaration of function 'printf' [-Wimplicit-function-declaration]
       printf("Uptime = %d\n",info.uptime);
       ^
conftest.c:35:7: warning: incompatible implicit declaration of built-in function 'printf'
conftest.c:35:7: note: include '<stdio.h>' or provide a declaration of 'printf'
conftest.c:35:14: warning: format '%d' expects argument of type 'int', but argument 2 has type '__kernel_long_t {aka long int}' [-Wformat=]
       printf("Uptime = %d\n",info.uptime);
              ^
configure:4489: $? = 0
configure:4501: result: yes
configure:4507: checking for sys/types.h
configure:4507: result: yes
configure:4507: checking for sys/param.h
configure:4507: result: yes
configure:4518: checking for function sysctl (KERN_BOOTTIME)
configure:4552: gcc -c -g -O2  conftest.c >&5
conftest.c: In function 'main':
conftest.c:54:10: error: 'KERN_BOOTTIME' undeclared (first use in this function)
 mib[1] = KERN_BOOTTIME;
          ^
conftest.c:54:10: note: each undeclared identifier is reported only once for each function it appears in
configure:4552: $? = 1
configure: failed program was:
| /* confdefs.h */
| #define PACKAGE_NAME "nagios-plugins-uptime"
| #define PACKAGE_TARNAME "nagios-plugins-uptime"
| #define PACKAGE_VERSION "7"
| #define PACKAGE_STRING "nagios-plugins-uptime 7"
| #define PACKAGE_BUGREPORT "davide.madrisan@gmail.com"
| #define PACKAGE_URL ""
| #define PACKAGE "nagios-plugins-uptime"
| #define VERSION "7"
| #define STDC_HEADERS 1
| #define TIME_WITH_SYS_TIME 1
| #define HAVE_SYS_TYPES_H 1
| #define HAVE_SYS_STAT_H 1
| #define HAVE_STDLIB_H 1
| #define HAVE_STRING_H 1
| #define HAVE_MEMORY_H 1
| #define HAVE_STRINGS_H 1
| #define HAVE_INTTYPES_H 1
| #define HAVE_STDINT_H 1
| #define HAVE_UNISTD_H 1
| #define HAVE_SYS_PARAM_H 1
| #define HAVE_SYS_SYSCTL_H 1
| #define HAVE_SYS_TIME_H 1
| #define HAVE_STRINGS_H 1
| #define HAVE_GETOPT_H 1
| #define HAVE_ERR_H 1
| #define HAVE_SYS_SYSINFO_H 1
| #define HAVE_STRUCT_SYSINFO_WITH_UPTIME 1
| #define HAVE_SYS_TYPES_H 1
| #define HAVE_SYS_PARAM_H 1
| /* end confdefs.h.  */
| 
| #ifdef HAVE_SYS_TYPES_H
| #include <sys/types.h>
| #endif /* HAVE_SYS_TYPES_H */
| 
| #ifdef HAVE_SYS_PARAM_H
| #include <sys/param.h>
| #endif /* HAVE_SYS_PARAM_H */
| 
| #include <sys/sysctl.h>
| #include <unistd.h>
| #include <time.h>
| 
| int
| main ()
| {
| 
| size_t len;
| struct timeval uptime;
| int mib[2];
| 
| mib[0] = CTL_KERN;
| mib[1] = KERN_BOOTTIME;
| 
| len = sizeof(uptime);
| sysctl(mib, 2, &uptime, &len, 0, 0);
|   ;
|   return 0;
| }
configure:4564: result: no
configure:4569: checking kstat.h usability
configure:4569: gcc -c -g -O2  conftest.c >&5
conftest.c:65:19: fatal error: kstat.h: No such file or directory
compilation terminated.
configure:4569: $? = 1
configure: failed program was:
| /* confdefs.h */
| #define PACKAGE_NAME "nagios-plugins-uptime"
| #define PACKAGE_TARNAME "nagios-plugins-uptime"
| #define PACKAGE_VERSION "7"
| #define PACKAGE_STRING "nagios-plugins-uptime 7"
| #define PACKAGE_BUGREPORT "davide.madrisan@gmail.com"
| #define PACKAGE_URL ""
| #define PACKAGE "nagios-plugins-uptime"
| #define VERSION "7"
| #define STDC_HEADERS 1
| #define TIME_WITH_SYS_TIME 1
| #define HAVE_SYS_TYPES_H 1
| #define HAVE_SYS_STAT_H 1
| #define HAVE_STDLIB_H 1
| #define HAVE_STRING_H 1
| #define HAVE_MEMORY_H 1
| #define HAVE_STRINGS_H 1
| #define HAVE_INTTYPES_H 1
| #define HAVE_STDINT_H 1
| #define HAVE_UNISTD_H 1
| #define HAVE_SYS_PARAM_H 1
| #define HAVE_SYS_SYSCTL_H 1
| #define HAVE_SYS_TIME_H 1
| #define HAVE_STRINGS_H 1
| #define HAVE_GETOPT_H 1
| #define HAVE_ERR_H 1
| #define HAVE_SYS_SYSINFO_H 1
| #define HAVE_STRUCT_SYSINFO_WITH_UPTIME 1
| #define HAVE_SYS_TYPES_H 1
| #define HAVE_SYS_PARAM_H 1
| /* end confdefs.h.  */
| #include <stdio.h>
| #ifdef HAVE_SYS_TYPES_H
| # include <sys/types.h>
| #endif
| #ifdef HAVE_SYS_STAT_H
| # include <sys/stat.h>
| #endif
| #ifdef STDC_HEADERS
| # include <stdlib.h>
| # include <stddef.h>
| #else
| # ifdef HAVE_STDLIB_H
| #  include <stdlib.h>
| # endif
| #endif
| #ifdef HAVE_STRING_H
| # if !defined STDC_HEADERS && defined HAVE_MEMORY_H
| #  include <memory.h>
| # endif
| # include <string.h>
| #endif
| #ifdef HAVE_STRINGS_H
| # include <strings.h>
| #endif
| #ifdef HAVE_INTTYPES_H
| # include <inttypes.h>
| #endif
| #ifdef HAVE_STDINT_H
| # include <stdint.h>
| #endif
| #ifdef HAVE_UNISTD_H
| # include <unistd.h>
| #endif
| #include <kstat.h>
configure:4569: result: no
configure:4569: checking kstat.h presence
configure:4569: gcc -E  conftest.c
conftest.c:32:19: fatal error: kstat.h: No such file or directory
compilation terminated.
configure:4569: $? = 1
configure: failed program was:
| /* confdefs.h */
| #define PACKAGE_NAME "nagios-plugins-uptime"
| #define PACKAGE_TARNAME "nagios-plugins-uptime"
| #define PACKAGE_VERSION "7"
| #define PACKAGE_STRING "nagios-plugins-uptime 7"
| #define PACKAGE_BUGREPORT "davide.madrisan@gmail.com"
| #define PACKAGE_URL ""
| #define PACKAGE "nagios-plugins-uptime"
| #define VERSION "7"
| #define STDC_HEADERS 1
| #define TIME_WITH_SYS_TIME 1
| #define HAVE_SYS_TYPES_H 1
| #define HAVE_SYS_STAT_H 1
| #define HAVE_STDLIB_H 1
| #define HAVE_STRING_H 1
| #define HAVE_MEMORY_H 1
| #define HAVE_STRINGS_H 1
| #define HAVE_INTTYPES_H 1
| #define HAVE_STDINT_H 1
| #define HAVE_UNISTD_H 1
| #define HAVE_SYS_PARAM_H 1
| #define HAVE_SYS_SYSCTL_H 1
| #define HAVE_SYS_TIME_H 1
| #define HAVE_STRINGS_H 1
| #define HAVE_GETOPT_H 1
| #define HAVE_ERR_H 1
| #define HAVE_SYS_SYSINFO_H 1
| #define HAVE_STRUCT_SYSINFO_WITH_UPTIME 1
| #define HAVE_SYS_TYPES_H 1
| #define HAVE_SYS_PARAM_H 1
| /* end confdefs.h.  */
| #include <kstat.h>
configure:4569: result: no
configure:4569: checking for kstat.h
configure:4569: result: no
configure:4637: checking for library containing perfstat_memory_total
configure:4668: gcc -o conftest -g -O2   conftest.c  >&5
/tmp/ccIUOE7K.o: In function `main':
/home/ben/projectgit/nagios-plugins-uptime-7/conftest.c:43: undefined reference to `perfstat_memory_total'
collect2: error: ld returned 1 exit status
configure:4668: $? = 1
configure: failed program was:
| /* confdefs.h */
| #define PACKAGE_NAME "nagios-plugins-uptime"
| #define PACKAGE_TARNAME "nagios-plugins-uptime"
| #define PACKAGE_VERSION "7"
| #define PACKAGE_STRING "nagios-plugins-uptime 7"
| #define PACKAGE_BUGREPORT "davide.madrisan@gmail.com"
| #define PACKAGE_URL ""
| #define PACKAGE "nagios-plugins-uptime"
| #define VERSION "7"
| #define STDC_HEADERS 1
| #define TIME_WITH_SYS_TIME 1
| #define HAVE_SYS_TYPES_H 1
| #define HAVE_SYS_STAT_H 1
| #define HAVE_STDLIB_H 1
| #define HAVE_STRING_H 1
| #define HAVE_MEMORY_H 1
| #define HAVE_STRINGS_H 1
| #define HAVE_INTTYPES_H 1
| #define HAVE_STDINT_H 1
| #define HAVE_UNISTD_H 1
| #define HAVE_SYS_PARAM_H 1
| #define HAVE_SYS_SYSCTL_H 1
| #define HAVE_SYS_TIME_H 1
| #define HAVE_STRINGS_H 1
| #define HAVE_GETOPT_H 1
| #define HAVE_ERR_H 1
| #define HAVE_SYS_SYSINFO_H 1
| #define HAVE_STRUCT_SYSINFO_WITH_UPTIME 1
| #define HAVE_SYS_TYPES_H 1
| #define HAVE_SYS_PARAM_H 1
| /* end confdefs.h.  */
| 
| /* Override any GCC internal prototype to avoid an error.
|    Use char because int might match the return type of a GCC
|    builtin and then its argument prototype would still apply.  */
| #ifdef __cplusplus
| extern "C"
| #endif
| char perfstat_memory_total ();
| int
| main ()
| {
| return perfstat_memory_total ();
|   ;
|   return 0;
| }
configure:4668: gcc -o conftest -g -O2   conftest.c -lperfstat   >&5
/usr/bin/ld: cannot find -lperfstat
collect2: error: ld returned 1 exit status
configure:4668: $? = 1
configure: failed program was:
| /* confdefs.h */
| #define PACKAGE_NAME "nagios-plugins-uptime"
| #define PACKAGE_TARNAME "nagios-plugins-uptime"
| #define PACKAGE_VERSION "7"
| #define PACKAGE_STRING "nagios-plugins-uptime 7"
| #define PACKAGE_BUGREPORT "davide.madrisan@gmail.com"
| #define PACKAGE_URL ""
| #define PACKAGE "nagios-plugins-uptime"
| #define VERSION "7"
| #define STDC_HEADERS 1
| #define TIME_WITH_SYS_TIME 1
| #define HAVE_SYS_TYPES_H 1
| #define HAVE_SYS_STAT_H 1
| #define HAVE_STDLIB_H 1
| #define HAVE_STRING_H 1
| #define HAVE_MEMORY_H 1
| #define HAVE_STRINGS_H 1
| #define HAVE_INTTYPES_H 1
| #define HAVE_STDINT_H 1
| #define HAVE_UNISTD_H 1
| #define HAVE_SYS_PARAM_H 1
| #define HAVE_SYS_SYSCTL_H 1
| #define HAVE_SYS_TIME_H 1
| #define HAVE_STRINGS_H 1
| #define HAVE_GETOPT_H 1
| #define HAVE_ERR_H 1
| #define HAVE_SYS_SYSINFO_H 1
| #define HAVE_STRUCT_SYSINFO_WITH_UPTIME 1
| #define HAVE_SYS_TYPES_H 1
| #define HAVE_SYS_PARAM_H 1
| /* end confdefs.h.  */
| 
| /* Override any GCC internal prototype to avoid an error.
|    Use char because int might match the return type of a GCC
|    builtin and then its argument prototype would still apply.  */
| #ifdef __cplusplus
| extern "C"
| #endif
| char perfstat_memory_total ();
| int
| main ()
| {
| return perfstat_memory_total ();
|   ;
|   return 0;
| }
configure:4685: result: no
configure:4698: checking for an ANSI C-conforming const
configure:4764: gcc -c -g -O2  conftest.c >&5
configure:4764: $? = 0
configure:4771: result: yes
configure:4779: checking for function prototypes
configure:4782: result: yes
configure:4796: checking for gcc compiler warnings
configure:4816: result: yes
configure:4831: checking for getopt_long
configure:4831: gcc -o conftest -g -O2   conftest.c  >&5
configure:4831: $? = 0
configure:4831: result: yes
configure:4957: checking that generated files are newer than configure
configure:4963: result: done
configure:4990: creating ./config.status

## ---------------------- ##
## Running config.status. ##
## ---------------------- ##

This file was extended by nagios-plugins-uptime config.status 7, which was
generated by GNU Autoconf 2.69.  Invocation command line was

  CONFIG_FILES    = 
  CONFIG_HEADERS  = 
  CONFIG_LINKS    = 
  CONFIG_COMMANDS = 
  $ ./config.status 

on ben-VirtualBox

config.status:881: creating Makefile
config.status:881: creating src/Makefile
config.status:881: creating config.h
config.status:1062: config.h is unchanged
config.status:1110: executing depfiles commands

## ---------------- ##
## Cache variables. ##
## ---------------- ##

ac_cv_build=x86_64-unknown-linux-gnu
ac_cv_c_compiler_gnu=yes
ac_cv_c_const=yes
ac_cv_env_CC_set=
ac_cv_env_CC_value=
ac_cv_env_CFLAGS_set=
ac_cv_env_CFLAGS_value=
ac_cv_env_CPPFLAGS_set=
ac_cv_env_CPPFLAGS_value=
ac_cv_env_CPP_set=
ac_cv_env_CPP_value=
ac_cv_env_LDFLAGS_set=
ac_cv_env_LDFLAGS_value=
ac_cv_env_LIBS_set=
ac_cv_env_LIBS_value=
ac_cv_env_build_alias_set=
ac_cv_env_build_alias_value=
ac_cv_env_host_alias_set=
ac_cv_env_host_alias_value=
ac_cv_env_target_alias_set=
ac_cv_env_target_alias_value=
ac_cv_func_getopt_long=yes
ac_cv_function_sysctl_kern_boottime=no
ac_cv_header_err_h=yes
ac_cv_header_getopt_h=yes
ac_cv_header_inttypes_h=yes
ac_cv_header_kstat_h=no
ac_cv_header_memory_h=yes
ac_cv_header_stdc=yes
ac_cv_header_stdint_h=yes
ac_cv_header_stdlib_h=yes
ac_cv_header_string_h=yes
ac_cv_header_strings_h=yes
ac_cv_header_sys_param_h=yes
ac_cv_header_sys_stat_h=yes
ac_cv_header_sys_sysctl_h=yes
ac_cv_header_sys_sysinfo_h=yes
ac_cv_header_sys_time_h=yes
ac_cv_header_sys_types_h=yes
ac_cv_header_time=yes
ac_cv_header_unistd_h=yes
ac_cv_host=x86_64-unknown-linux-gnu
ac_cv_objext=o
ac_cv_path_EGREP='/bin/grep -E'
ac_cv_path_GREP=/bin/grep
ac_cv_path_install='/usr/bin/install -c'
ac_cv_path_mkdir=/bin/mkdir
ac_cv_prog_AWK=mawk
ac_cv_prog_CPP='gcc -E'
ac_cv_prog_ac_ct_CC=gcc
ac_cv_prog_ac_ct_RANLIB=ranlib
ac_cv_prog_cc_c89=
ac_cv_prog_cc_g=yes
ac_cv_prog_gcc_traditional=no
ac_cv_prog_make_make_set=yes
ac_cv_search_perfstat_memory_total=no
ac_cv_struct_option_getopt_h=yes
ac_cv_struct_sysinfo_has_uptime=yes
am_cv_CC_dependencies_compiler_type=gcc3
am_cv_make_support_nested_variables=yes

## ----------------- ##
## Output variables. ##
## ----------------- ##

ACLOCAL='${SHELL} /home/ben/projectgit/nagios-plugins-uptime-7/missing aclocal-1.13'
AMDEPBACKSLASH='\'
AMDEP_FALSE='#'
AMDEP_TRUE=''
AMTAR='$${TAR-tar}'
AM_BACKSLASH='\'
AM_DEFAULT_V='$(AM_DEFAULT_VERBOSITY)'
AM_DEFAULT_VERBOSITY='1'
AM_V='$(V)'
AUTOCONF='${SHELL} /home/ben/projectgit/nagios-plugins-uptime-7/missing autoconf'
AUTOHEADER='${SHELL} /home/ben/projectgit/nagios-plugins-uptime-7/missing autoheader'
AUTOMAKE='${SHELL} /home/ben/projectgit/nagios-plugins-uptime-7/missing automake-1.13'
AWK='mawk'
CC='gcc'
CCDEPMODE='depmode=gcc3'
CFLAGS='-g -O2'
CPP='gcc -E'
CPPFLAGS=''
CYGPATH_W='echo'
DEFS='-DHAVE_CONFIG_H'
DEPDIR='.deps'
ECHO_C=''
ECHO_N='-n'
ECHO_T=''
EGREP='/bin/grep -E'
EXEEXT=''
GREP='/bin/grep'
INSTALL_DATA='${INSTALL} -m 644'
INSTALL_PROGRAM='${INSTALL}'
INSTALL_SCRIPT='${INSTALL}'
INSTALL_STRIP_PROGRAM='$(install_sh) -c -s'
LDFLAGS=''
LIBOBJS=''
LIBS=''
LTLIBOBJS=''
MAINT='#'
MAINTAINER_MODE_FALSE=''
MAINTAINER_MODE_TRUE='#'
MAKEINFO='${SHELL} /home/ben/projectgit/nagios-plugins-uptime-7/missing makeinfo'
MKDIR_P='/bin/mkdir -p'
OBJEXT='o'
PACKAGE='nagios-plugins-uptime'
PACKAGE_BUGREPORT='davide.madrisan@gmail.com'
PACKAGE_NAME='nagios-plugins-uptime'
PACKAGE_STRING='nagios-plugins-uptime 7'
PACKAGE_TARNAME='nagios-plugins-uptime'
PACKAGE_URL=''
PACKAGE_VERSION='7'
PATH_SEPARATOR=':'
RANLIB='ranlib'
SET_MAKE=''
SHELL='/bin/bash'
STRIP=''
VERSION='7'
WARNINGS='-Wall -Wstrict-prototypes -Wmissing-prototypes -Wpointer-arith -Wmissing-declarations -Wredundant-decls -Wnested-externs -Wsign-compare -Wreturn-type -Wswitch -Wshadow -Wwrite-strings -Wextra -Wunused-parameter -Wformat=2'
ac_ct_CC='gcc'
am__EXEEXT_FALSE=''
am__EXEEXT_TRUE='#'
am__fastdepCC_FALSE='#'
am__fastdepCC_TRUE=''
am__include='include'
am__isrc=''
am__leading_dot='.'
am__nodep='_no'
am__quote=''
am__tar='$${TAR-tar} chof - "$$tardir"'
am__untar='$${TAR-tar} xf -'
bindir='${exec_prefix}/bin'
build='x86_64-unknown-linux-gnu'
build_alias=''
build_cpu='x86_64'
build_os='linux-gnu'
build_vendor='unknown'
datadir='${datarootdir}'
datarootdir='${prefix}/share'
docdir='${datarootdir}/doc/${PACKAGE_TARNAME}'
dvidir='${docdir}'
exec_prefix='${prefix}'
host='x86_64-unknown-linux-gnu'
host_alias=''
host_cpu='x86_64'
host_os='linux-gnu'
host_vendor='unknown'
htmldir='${docdir}'
includedir='${prefix}/include'
infodir='${datarootdir}/info'
install_sh='${SHELL} /home/ben/projectgit/nagios-plugins-uptime-7/install-sh'
libdir='${exec_prefix}/lib'
libexecdir='/usr/lib/nagios/plugins'
localedir='${datarootdir}/locale'
localstatedir='${prefix}/var'
mandir='${datarootdir}/man'
mkdir_p='$(MKDIR_P)'
oldincludedir='/usr/include'
pdfdir='${docdir}'
prefix='/usr/local/nagios'
program_transform_name='s,x,x,'
psdir='${docdir}'
sbindir='${exec_prefix}/sbin'
sharedstatedir='${prefix}/com'
sysconfdir='${prefix}/etc'
target_alias=''

## ----------- ##
## confdefs.h. ##
## ----------- ##

/* confdefs.h */
#define PACKAGE_NAME "nagios-plugins-uptime"
#define PACKAGE_TARNAME "nagios-plugins-uptime"
#define PACKAGE_VERSION "7"
#define PACKAGE_STRING "nagios-plugins-uptime 7"
#define PACKAGE_BUGREPORT "davide.madrisan@gmail.com"
#define PACKAGE_URL ""
#define PACKAGE "nagios-plugins-uptime"
#define VERSION "7"
#define STDC_HEADERS 1
#define TIME_WITH_SYS_TIME 1
#define HAVE_SYS_TYPES_H 1
#define HAVE_SYS_STAT_H 1
#define HAVE_STDLIB_H 1
#define HAVE_STRING_H 1
#define HAVE_MEMORY_H 1
#define HAVE_STRINGS_H 1
#define HAVE_INTTYPES_H 1
#define HAVE_STDINT_H 1
#define HAVE_UNISTD_H 1
#define HAVE_SYS_PARAM_H 1
#define HAVE_SYS_SYSCTL_H 1
#define HAVE_SYS_TIME_H 1
#define HAVE_STRINGS_H 1
#define HAVE_GETOPT_H 1
#define HAVE_ERR_H 1
#define HAVE_SYS_SYSINFO_H 1
#define HAVE_STRUCT_SYSINFO_WITH_UPTIME 1
#define HAVE_SYS_TYPES_H 1
#define HAVE_SYS_PARAM_H 1
#define PROTOTYPES 1
#define __PROTOTYPES 1
#define HAVE_GETOPT_LONG 1

configure: exit 0
