This file contains any messages produced by compilers while
running configure, to aid debugging if configure makes a mistake.

It was created by configure, which was
generated by GNU Autoconf 2.69.  Invocation command line was

  $ ./configure --with-nagios-group=nagios --with-command-group=nagcmd

## --------- ##
## Platform. ##
## --------- ##

hostname = ben-VirtualBox
uname -m = x86_64
uname -r = 4.10.0-33-generic
uname -s = Linux
uname -v = #37~16.04.1-Ubuntu SMP Fri Aug 11 14:07:24 UTC 2017

/usr/bin/uname -p = unknown
/bin/uname -X     = unknown

/bin/arch              = unknown
/usr/bin/arch -k       = unknown
/usr/convex/getsysinfo = unknown
/usr/bin/hostinfo      = unknown
/bin/machine           = unknown
/usr/bin/oslevel       = unknown
/bin/universe          = unknown

PATH: /usr/local/sbin
PATH: /usr/local/bin
PATH: /usr/sbin
PATH: /usr/bin
PATH: /sbin
PATH: /bin
PATH: /snap/bin


## ----------- ##
## Core tests. ##
## ----------- ##

configure:2393: checking for a BSD-compatible install
configure:2461: result: /usr/bin/install -c
configure:2478: checking build system type
configure:2492: result: x86_64-unknown-linux-gnu
configure:2512: checking host system type
configure:2525: result: x86_64-unknown-linux-gnu
configure:2594: checking for gcc
configure:2610: found /usr/bin/gcc
configure:2621: result: gcc
configure:2850: checking for C compiler version
configure:2859: gcc --version >&5
gcc (Ubuntu 5.4.0-6ubuntu1~16.04.4) 5.4.0 20160609
Copyright (C) 2015 Free Software Foundation, Inc.
This is free software; see the source for copying conditions.  There is NO
warranty; not even for MERCHANTABILITY or FITNESS FOR A PARTICULAR PURPOSE.

configure:2870: $? = 0
configure:2859: gcc -v >&5
Using built-in specs.
COLLECT_GCC=gcc
COLLECT_LTO_WRAPPER=/usr/lib/gcc/x86_64-linux-gnu/5/lto-wrapper
Target: x86_64-linux-gnu
Configured with: ../src/configure -v --with-pkgversion='Ubuntu 5.4.0-6ubuntu1~16.04.4' --with-bugurl=file:///usr/share/doc/gcc-5/README.Bugs --enable-languages=c,ada,c++,java,go,d,fortran,objc,obj-c++ --prefix=/usr --program-suffix=-5 --enable-shared --enable-linker-build-id --libexecdir=/usr/lib --without-included-gettext --enable-threads=posix --libdir=/usr/lib --enable-nls --with-sysroot=/ --enable-clocale=gnu --enable-libstdcxx-debug --enable-libstdcxx-time=yes --with-default-libstdcxx-abi=new --enable-gnu-unique-object --disable-vtable-verify --enable-libmpx --enable-plugin --with-system-zlib --disable-browser-plugin --enable-java-awt=gtk --enable-gtk-cairo --with-java-home=/usr/lib/jvm/java-1.5.0-gcj-5-amd64/jre --enable-java-home --with-jvm-root-dir=/usr/lib/jvm/java-1.5.0-gcj-5-amd64 --with-jvm-jar-dir=/usr/lib/jvm-exports/java-1.5.0-gcj-5-amd64 --with-arch-directory=amd64 --with-ecj-jar=/usr/share/java/eclipse-ecj.jar --enable-objc-gc --enable-multiarch --disable-werror --with-arch-32=i686 --with-abi=m64 --with-multilib-list=m32,m64,mx32 --enable-multilib --with-tune=generic --enable-checking=release --build=x86_64-linux-gnu --host=x86_64-linux-gnu --target=x86_64-linux-gnu
Thread model: posix
gcc version 5.4.0 20160609 (Ubuntu 5.4.0-6ubuntu1~16.04.4) 
configure:2870: $? = 0
configure:2859: gcc -V >&5
gcc: error: unrecognized command line option '-V'
gcc: fatal error: no input files
compilation terminated.
configure:2870: $? = 1
configure:2859: gcc -qversion >&5
gcc: error: unrecognized command line option '-qversion'
gcc: fatal error: no input files
compilation terminated.
configure:2870: $? = 1
configure:2890: checking whether the C compiler works
configure:2912: gcc    conftest.c  >&5
configure:2916: $? = 0
configure:2964: result: yes
configure:2967: checking for C compiler default output file name
configure:2969: result: a.out
configure:2975: checking for suffix of executables
configure:2982: gcc -o conftest    conftest.c  >&5
configure:2986: $? = 0
configure:3008: result: 
configure:3030: checking whether we are cross compiling
configure:3038: gcc -o conftest    conftest.c  >&5
configure:3042: $? = 0
configure:3049: ./conftest
configure:3053: $? = 0
configure:3068: result: no
configure:3073: checking for suffix of object files
configure:3095: gcc -c   conftest.c >&5
configure:3099: $? = 0
configure:3120: result: o
configure:3124: checking whether we are using the GNU C compiler
configure:3143: gcc -c   conftest.c >&5
configure:3143: $? = 0
configure:3152: result: yes
configure:3161: checking whether gcc accepts -g
configure:3181: gcc -c -g  conftest.c >&5
configure:3181: $? = 0
configure:3222: result: yes
configure:3239: checking for gcc option to accept ISO C89
configure:3302: gcc  -c -g -O2  conftest.c >&5
configure:3302: $? = 0
configure:3315: result: none needed
configure:3335: checking whether make sets $(MAKE)
configure:3357: result: yes
configure:3368: checking for strip
configure:3386: found /usr/bin/strip
configure:3399: result: /usr/bin/strip
configure:3414: checking how to run the C preprocessor
configure:3445: gcc -E  conftest.c
configure:3445: $? = 0
configure:3459: gcc -E  conftest.c
conftest.c:9:28: fatal error: ac_nonexistent.h: No such file or directory
compilation terminated.
configure:3459: $? = 1
configure: failed program was:
| /* confdefs.h */
| #define PACKAGE_NAME ""
| #define PACKAGE_TARNAME ""
| #define PACKAGE_VERSION ""
| #define PACKAGE_STRING ""
| #define PACKAGE_BUGREPORT ""
| #define PACKAGE_URL ""
| /* end confdefs.h.  */
| #include <ac_nonexistent.h>
configure:3484: result: gcc -E
configure:3504: gcc -E  conftest.c
configure:3504: $? = 0
configure:3518: gcc -E  conftest.c
conftest.c:9:28: fatal error: ac_nonexistent.h: No such file or directory
compilation terminated.
configure:3518: $? = 1
configure: failed program was:
| /* confdefs.h */
| #define PACKAGE_NAME ""
| #define PACKAGE_TARNAME ""
| #define PACKAGE_VERSION ""
| #define PACKAGE_STRING ""
| #define PACKAGE_BUGREPORT ""
| #define PACKAGE_URL ""
| /* end confdefs.h.  */
| #include <ac_nonexistent.h>
configure:3547: checking for grep that handles long lines and -e
configure:3605: result: /bin/grep
configure:3610: checking for egrep
configure:3672: result: /bin/grep -E
configure:3677: checking for ANSI C header files
configure:3697: gcc -c -g -O2  conftest.c >&5
configure:3697: $? = 0
configure:3770: gcc -o conftest -g -O2   conftest.c  >&5
configure:3770: $? = 0
configure:3770: ./conftest
configure:3770: $? = 0
configure:3781: result: yes
configure:3789: checking whether time.h and sys/time.h may both be included
configure:3809: gcc -c -g -O2  conftest.c >&5
configure:3809: $? = 0
configure:3816: result: yes
configure:3824: checking for sys/wait.h that is POSIX.1 compatible
configure:3850: gcc -c -g -O2  conftest.c >&5
configure:3850: $? = 0
configure:3857: result: yes
configure:3870: checking for sys/types.h
configure:3870: gcc -c -g -O2  conftest.c >&5
configure:3870: $? = 0
configure:3870: result: yes
configure:3870: checking for sys/stat.h
configure:3870: gcc -c -g -O2  conftest.c >&5
configure:3870: $? = 0
configure:3870: result: yes
configure:3870: checking for stdlib.h
configure:3870: gcc -c -g -O2  conftest.c >&5
configure:3870: $? = 0
configure:3870: result: yes
configure:3870: checking for string.h
configure:3870: gcc -c -g -O2  conftest.c >&5
configure:3870: $? = 0
configure:3870: result: yes
configure:3870: checking for memory.h
configure:3870: gcc -c -g -O2  conftest.c >&5
configure:3870: $? = 0
configure:3870: result: yes
configure:3870: checking for strings.h
configure:3870: gcc -c -g -O2  conftest.c >&5
configure:3870: $? = 0
configure:3870: result: yes
configure:3870: checking for inttypes.h
configure:3870: gcc -c -g -O2  conftest.c >&5
configure:3870: $? = 0
configure:3870: result: yes
configure:3870: checking for stdint.h
configure:3870: gcc -c -g -O2  conftest.c >&5
configure:3870: $? = 0
configure:3870: result: yes
configure:3870: checking for unistd.h
configure:3870: gcc -c -g -O2  conftest.c >&5
configure:3870: $? = 0
configure:3870: result: yes
configure:3885: checking arpa/inet.h usability
configure:3885: gcc -c -g -O2  conftest.c >&5
configure:3885: $? = 0
configure:3885: result: yes
configure:3885: checking arpa/inet.h presence
configure:3885: gcc -E  conftest.c
configure:3885: $? = 0
configure:3885: result: yes
configure:3885: checking for arpa/inet.h
configure:3885: result: yes
configure:3885: checking ctype.h usability
configure:3885: gcc -c -g -O2  conftest.c >&5
configure:3885: $? = 0
configure:3885: result: yes
configure:3885: checking ctype.h presence
configure:3885: gcc -E  conftest.c
configure:3885: $? = 0
configure:3885: result: yes
configure:3885: checking for ctype.h
configure:3885: result: yes
configure:3885: checking dirent.h usability
configure:3885: gcc -c -g -O2  conftest.c >&5
configure:3885: $? = 0
configure:3885: result: yes
configure:3885: checking dirent.h presence
configure:3885: gcc -E  conftest.c
configure:3885: $? = 0
configure:3885: result: yes
configure:3885: checking for dirent.h
configure:3885: result: yes
configure:3885: checking errno.h usability
configure:3885: gcc -c -g -O2  conftest.c >&5
configure:3885: $? = 0
configure:3885: result: yes
configure:3885: checking errno.h presence
configure:3885: gcc -E  conftest.c
configure:3885: $? = 0
configure:3885: result: yes
configure:3885: checking for errno.h
configure:3885: result: yes
configure:3885: checking fcntl.h usability
configure:3885: gcc -c -g -O2  conftest.c >&5
configure:3885: $? = 0
configure:3885: result: yes
configure:3885: checking fcntl.h presence
configure:3885: gcc -E  conftest.c
configure:3885: $? = 0
configure:3885: result: yes
configure:3885: checking for fcntl.h
configure:3885: result: yes
configure:3885: checking getopt.h usability
configure:3885: gcc -c -g -O2  conftest.c >&5
configure:3885: $? = 0
configure:3885: result: yes
configure:3885: checking getopt.h presence
configure:3885: gcc -E  conftest.c
configure:3885: $? = 0
configure:3885: result: yes
configure:3885: checking for getopt.h
configure:3885: result: yes
configure:3885: checking grp.h usability
configure:3885: gcc -c -g -O2  conftest.c >&5
configure:3885: $? = 0
configure:3885: result: yes
configure:3885: checking grp.h presence
configure:3885: gcc -E  conftest.c
configure:3885: $? = 0
configure:3885: result: yes
configure:3885: checking for grp.h
configure:3885: result: yes
configure:3898: checking libgen.h usability
configure:3898: gcc -c -g -O2  conftest.c >&5
configure:3898: $? = 0
configure:3898: result: yes
configure:3898: checking libgen.h presence
configure:3898: gcc -E  conftest.c
configure:3898: $? = 0
configure:3898: result: yes
configure:3898: checking for libgen.h
configure:3898: result: yes
configure:3898: checking limits.h usability
configure:3898: gcc -c -g -O2  conftest.c >&5
configure:3898: $? = 0
configure:3898: result: yes
configure:3898: checking limits.h presence
configure:3898: gcc -E  conftest.c
configure:3898: $? = 0
configure:3898: result: yes
configure:3898: checking for limits.h
configure:3898: result: yes
configure:3898: checking math.h usability
configure:3898: gcc -c -g -O2  conftest.c >&5
configure:3898: $? = 0
configure:3898: result: yes
configure:3898: checking math.h presence
configure:3898: gcc -E  conftest.c
configure:3898: $? = 0
configure:3898: result: yes
configure:3898: checking for math.h
configure:3898: result: yes
configure:3898: checking netdb.h usability
configure:3898: gcc -c -g -O2  conftest.c >&5
configure:3898: $? = 0
configure:3898: result: yes
configure:3898: checking netdb.h presence
configure:3898: gcc -E  conftest.c
configure:3898: $? = 0
configure:3898: result: yes
configure:3898: checking for netdb.h
configure:3898: result: yes
configure:3898: checking netinet/in.h usability
configure:3898: gcc -c -g -O2  conftest.c >&5
configure:3898: $? = 0
configure:3898: result: yes
configure:3898: checking netinet/in.h presence
configure:3898: gcc -E  conftest.c
configure:3898: $? = 0
configure:3898: result: yes
configure:3898: checking for netinet/in.h
configure:3898: result: yes
configure:3898: checking pwd.h usability
configure:3898: gcc -c -g -O2  conftest.c >&5
configure:3898: $? = 0
configure:3898: result: yes
configure:3898: checking pwd.h presence
configure:3898: gcc -E  conftest.c
configure:3898: $? = 0
configure:3898: result: yes
configure:3898: checking for pwd.h
configure:3898: result: yes
configure:3898: checking regex.h usability
configure:3898: gcc -c -g -O2  conftest.c >&5
configure:3898: $? = 0
configure:3898: result: yes
configure:3898: checking regex.h presence
configure:3898: gcc -E  conftest.c
configure:3898: $? = 0
configure:3898: result: yes
configure:3898: checking for regex.h
configure:3898: result: yes
configure:3911: checking signal.h usability
configure:3911: gcc -c -g -O2  conftest.c >&5
configure:3911: $? = 0
configure:3911: result: yes
configure:3911: checking signal.h presence
configure:3911: gcc -E  conftest.c
configure:3911: $? = 0
configure:3911: result: yes
configure:3911: checking for signal.h
configure:3911: result: yes
configure:3911: checking socket.h usability
configure:3911: gcc -c -g -O2  conftest.c >&5
conftest.c:69:20: fatal error: socket.h: No such file or directory
compilation terminated.
configure:3911: $? = 1
configure: failed program was:
| /* confdefs.h */
| #define PACKAGE_NAME ""
| #define PACKAGE_TARNAME ""
| #define PACKAGE_VERSION ""
| #define PACKAGE_STRING ""
| #define PACKAGE_BUGREPORT ""
| #define PACKAGE_URL ""
| #define STDC_HEADERS 1
| #define TIME_WITH_SYS_TIME 1
| #define HAVE_SYS_WAIT_H 1
| #define HAVE_SYS_TYPES_H 1
| #define HAVE_SYS_STAT_H 1
| #define HAVE_STDLIB_H 1
| #define HAVE_STRING_H 1
| #define HAVE_MEMORY_H 1
| #define HAVE_STRINGS_H 1
| #define HAVE_INTTYPES_H 1
| #define HAVE_STDINT_H 1
| #define HAVE_UNISTD_H 1
| #define HAVE_ARPA_INET_H 1
| #define HAVE_CTYPE_H 1
| #define HAVE_DIRENT_H 1
| #define HAVE_ERRNO_H 1
| #define HAVE_FCNTL_H 1
| #define HAVE_GETOPT_H 1
| #define HAVE_GRP_H 1
| #define HAVE_LIBGEN_H 1
| #define HAVE_LIMITS_H 1
| #define HAVE_MATH_H 1
| #define HAVE_NETDB_H 1
| #define HAVE_NETINET_IN_H 1
| #define HAVE_PWD_H 1
| #define HAVE_REGEX_H 1
| #define HAVE_SIGNAL_H 1
| /* end confdefs.h.  */
| #include <stdio.h>
| #ifdef HAVE_SYS_TYPES_H
| # include <sys/types.h>
| #endif
| #ifdef HAVE_SYS_STAT_H
| # include <sys/stat.h>
| #endif
| #ifdef STDC_HEADERS
| # include <stdlib.h>
| # include <stddef.h>
| #else
| # ifdef HAVE_STDLIB_H
| #  include <stdlib.h>
| # endif
| #endif
| #ifdef HAVE_STRING_H
| # if !defined STDC_HEADERS && defined HAVE_MEMORY_H
| #  include <memory.h>
| # endif
| # include <string.h>
| #endif
| #ifdef HAVE_STRINGS_H
| # include <strings.h>
| #endif
| #ifdef HAVE_INTTYPES_H
| # include <inttypes.h>
| #endif
| #ifdef HAVE_STDINT_H
| # include <stdint.h>
| #endif
| #ifdef HAVE_UNISTD_H
| # include <unistd.h>
| #endif
| #include <socket.h>
configure:3911: result: no
configure:3911: checking socket.h presence
configure:3911: gcc -E  conftest.c
conftest.c:36:20: fatal error: socket.h: No such file or directory
compilation terminated.
configure:3911: $? = 1
configure: failed program was:
| /* confdefs.h */
| #define PACKAGE_NAME ""
| #define PACKAGE_TARNAME ""
| #define PACKAGE_VERSION ""
| #define PACKAGE_STRING ""
| #define PACKAGE_BUGREPORT ""
| #define PACKAGE_URL ""
| #define STDC_HEADERS 1
| #define TIME_WITH_SYS_TIME 1
| #define HAVE_SYS_WAIT_H 1
| #define HAVE_SYS_TYPES_H 1
| #define HAVE_SYS_STAT_H 1
| #define HAVE_STDLIB_H 1
| #define HAVE_STRING_H 1
| #define HAVE_MEMORY_H 1
| #define HAVE_STRINGS_H 1
| #define HAVE_INTTYPES_H 1
| #define HAVE_STDINT_H 1
| #define HAVE_UNISTD_H 1
| #define HAVE_ARPA_INET_H 1
| #define HAVE_CTYPE_H 1
| #define HAVE_DIRENT_H 1
| #define HAVE_ERRNO_H 1
| #define HAVE_FCNTL_H 1
| #define HAVE_GETOPT_H 1
| #define HAVE_GRP_H 1
| #define HAVE_LIBGEN_H 1
| #define HAVE_LIMITS_H 1
| #define HAVE_MATH_H 1
| #define HAVE_NETDB_H 1
| #define HAVE_NETINET_IN_H 1
| #define HAVE_PWD_H 1
| #define HAVE_REGEX_H 1
| #define HAVE_SIGNAL_H 1
| /* end confdefs.h.  */
| #include <socket.h>
configure:3911: result: no
configure:3911: checking for socket.h
configure:3911: result: no
configure:3911: checking stdarg.h usability
configure:3911: gcc -c -g -O2  conftest.c >&5
configure:3911: $? = 0
configure:3911: result: yes
configure:3911: checking stdarg.h presence
configure:3911: gcc -E  conftest.c
configure:3911: $? = 0
configure:3911: result: yes
configure:3911: checking for stdarg.h
configure:3911: result: yes
configure:3911: checking for string.h
configure:3911: result: yes
configure:3911: checking for strings.h
configure:3911: result: yes
configure:3911: checking sys/loadavg.h usability
configure:3911: gcc -c -g -O2  conftest.c >&5
conftest.c:72:25: fatal error: sys/loadavg.h: No such file or directory
compilation terminated.
configure:3911: $? = 1
configure: failed program was:
| /* confdefs.h */
| #define PACKAGE_NAME ""
| #define PACKAGE_TARNAME ""
| #define PACKAGE_VERSION ""
| #define PACKAGE_STRING ""
| #define PACKAGE_BUGREPORT ""
| #define PACKAGE_URL ""
| #define STDC_HEADERS 1
| #define TIME_WITH_SYS_TIME 1
| #define HAVE_SYS_WAIT_H 1
| #define HAVE_SYS_TYPES_H 1
| #define HAVE_SYS_STAT_H 1
| #define HAVE_STDLIB_H 1
| #define HAVE_STRING_H 1
| #define HAVE_MEMORY_H 1
| #define HAVE_STRINGS_H 1
| #define HAVE_INTTYPES_H 1
| #define HAVE_STDINT_H 1
| #define HAVE_UNISTD_H 1
| #define HAVE_ARPA_INET_H 1
| #define HAVE_CTYPE_H 1
| #define HAVE_DIRENT_H 1
| #define HAVE_ERRNO_H 1
| #define HAVE_FCNTL_H 1
| #define HAVE_GETOPT_H 1
| #define HAVE_GRP_H 1
| #define HAVE_LIBGEN_H 1
| #define HAVE_LIMITS_H 1
| #define HAVE_MATH_H 1
| #define HAVE_NETDB_H 1
| #define HAVE_NETINET_IN_H 1
| #define HAVE_PWD_H 1
| #define HAVE_REGEX_H 1
| #define HAVE_SIGNAL_H 1
| #define HAVE_STDARG_H 1
| #define HAVE_STRING_H 1
| #define HAVE_STRINGS_H 1
| /* end confdefs.h.  */
| #include <stdio.h>
| #ifdef HAVE_SYS_TYPES_H
| # include <sys/types.h>
| #endif
| #ifdef HAVE_SYS_STAT_H
| # include <sys/stat.h>
| #endif
| #ifdef STDC_HEADERS
| # include <stdlib.h>
| # include <stddef.h>
| #else
| # ifdef HAVE_STDLIB_H
| #  include <stdlib.h>
| # endif
| #endif
| #ifdef HAVE_STRING_H
| # if !defined STDC_HEADERS && defined HAVE_MEMORY_H
| #  include <memory.h>
| # endif
| # include <string.h>
| #endif
| #ifdef HAVE_STRINGS_H
| # include <strings.h>
| #endif
| #ifdef HAVE_INTTYPES_H
| # include <inttypes.h>
| #endif
| #ifdef HAVE_STDINT_H
| # include <stdint.h>
| #endif
| #ifdef HAVE_UNISTD_H
| # include <unistd.h>
| #endif
| #include <sys/loadavg.h>
configure:3911: result: no
configure:3911: checking sys/loadavg.h presence
configure:3911: gcc -E  conftest.c
conftest.c:39:25: fatal error: sys/loadavg.h: No such file or directory
compilation terminated.
configure:3911: $? = 1
configure: failed program was:
| /* confdefs.h */
| #define PACKAGE_NAME ""
| #define PACKAGE_TARNAME ""
| #define PACKAGE_VERSION ""
| #define PACKAGE_STRING ""
| #define PACKAGE_BUGREPORT ""
| #define PACKAGE_URL ""
| #define STDC_HEADERS 1
| #define TIME_WITH_SYS_TIME 1
| #define HAVE_SYS_WAIT_H 1
| #define HAVE_SYS_TYPES_H 1
| #define HAVE_SYS_STAT_H 1
| #define HAVE_STDLIB_H 1
| #define HAVE_STRING_H 1
| #define HAVE_MEMORY_H 1
| #define HAVE_STRINGS_H 1
| #define HAVE_INTTYPES_H 1
| #define HAVE_STDINT_H 1
| #define HAVE_UNISTD_H 1
| #define HAVE_ARPA_INET_H 1
| #define HAVE_CTYPE_H 1
| #define HAVE_DIRENT_H 1
| #define HAVE_ERRNO_H 1
| #define HAVE_FCNTL_H 1
| #define HAVE_GETOPT_H 1
| #define HAVE_GRP_H 1
| #define HAVE_LIBGEN_H 1
| #define HAVE_LIMITS_H 1
| #define HAVE_MATH_H 1
| #define HAVE_NETDB_H 1
| #define HAVE_NETINET_IN_H 1
| #define HAVE_PWD_H 1
| #define HAVE_REGEX_H 1
| #define HAVE_SIGNAL_H 1
| #define HAVE_STDARG_H 1
| #define HAVE_STRING_H 1
| #define HAVE_STRINGS_H 1
| /* end confdefs.h.  */
| #include <sys/loadavg.h>
configure:3911: result: no
configure:3911: checking for sys/loadavg.h
configure:3911: result: no
configure:3924: checking sys/mman.h usability
configure:3924: gcc -c -g -O2  conftest.c >&5
configure:3924: $? = 0
configure:3924: result: yes
configure:3924: checking sys/mman.h presence
configure:3924: gcc -E  conftest.c
configure:3924: $? = 0
configure:3924: result: yes
configure:3924: checking for sys/mman.h
configure:3924: result: yes
configure:3924: checking for sys/types.h
configure:3924: result: yes
configure:3924: checking sys/time.h usability
configure:3924: gcc -c -g -O2  conftest.c >&5
configure:3924: $? = 0
configure:3924: result: yes
configure:3924: checking sys/time.h presence
configure:3924: gcc -E  conftest.c
configure:3924: $? = 0
configure:3924: result: yes
configure:3924: checking for sys/time.h
configure:3924: result: yes
configure:3924: checking sys/resource.h usability
configure:3924: gcc -c -g -O2  conftest.c >&5
configure:3924: $? = 0
configure:3924: result: yes
configure:3924: checking sys/resource.h presence
configure:3924: gcc -E  conftest.c
configure:3924: $? = 0
configure:3924: result: yes
configure:3924: checking for sys/resource.h
configure:3924: result: yes
configure:3924: checking for sys/wait.h
configure:3924: result: yes
configure:3937: checking sys/socket.h usability
configure:3937: gcc -c -g -O2  conftest.c >&5
configure:3937: $? = 0
configure:3937: result: yes
configure:3937: checking sys/socket.h presence
configure:3937: gcc -E  conftest.c
configure:3937: $? = 0
configure:3937: result: yes
configure:3937: checking for sys/socket.h
configure:3937: result: yes
configure:3937: checking for sys/stat.h
configure:3937: result: yes
configure:3937: checking sys/timeb.h usability
configure:3937: gcc -c -g -O2  conftest.c >&5
configure:3937: $? = 0
configure:3937: result: yes
configure:3937: checking sys/timeb.h presence
configure:3937: gcc -E  conftest.c
configure:3937: $? = 0
configure:3937: result: yes
configure:3937: checking for sys/timeb.h
configure:3937: result: yes
configure:3937: checking sys/un.h usability
configure:3937: gcc -c -g -O2  conftest.c >&5
configure:3937: $? = 0
configure:3937: result: yes
configure:3937: checking sys/un.h presence
configure:3937: gcc -E  conftest.c
configure:3937: $? = 0
configure:3937: result: yes
configure:3937: checking for sys/un.h
configure:3937: result: yes
configure:3937: checking sys/ipc.h usability
configure:3937: gcc -c -g -O2  conftest.c >&5
configure:3937: $? = 0
configure:3937: result: yes
configure:3937: checking sys/ipc.h presence
configure:3937: gcc -E  conftest.c
configure:3937: $? = 0
configure:3937: result: yes
configure:3937: checking for sys/ipc.h
configure:3937: result: yes
configure:3950: checking sys/msg.h usability
configure:3950: gcc -c -g -O2  conftest.c >&5
configure:3950: $? = 0
configure:3950: result: yes
configure:3950: checking sys/msg.h presence
configure:3950: gcc -E  conftest.c
configure:3950: $? = 0
configure:3950: result: yes
configure:3950: checking for sys/msg.h
configure:3950: result: yes
configure:3950: checking sys/poll.h usability
configure:3950: gcc -c -g -O2  conftest.c >&5
configure:3950: $? = 0
configure:3950: result: yes
configure:3950: checking sys/poll.h presence
configure:3950: gcc -E  conftest.c
configure:3950: $? = 0
configure:3950: result: yes
configure:3950: checking for sys/poll.h
configure:3950: result: yes
configure:3950: checking syslog.h usability
configure:3950: gcc -c -g -O2  conftest.c >&5
configure:3950: $? = 0
configure:3950: result: yes
configure:3950: checking syslog.h presence
configure:3950: gcc -E  conftest.c
configure:3950: $? = 0
configure:3950: result: yes
configure:3950: checking for syslog.h
configure:3950: result: yes
configure:3950: checking uio.h usability
configure:3950: gcc -c -g -O2  conftest.c >&5
conftest.c:85:17: fatal error: uio.h: No such file or directory
compilation terminated.
configure:3950: $? = 1
configure: failed program was:
| /* confdefs.h */
| #define PACKAGE_NAME ""
| #define PACKAGE_TARNAME ""
| #define PACKAGE_VERSION ""
| #define PACKAGE_STRING ""
| #define PACKAGE_BUGREPORT ""
| #define PACKAGE_URL ""
| #define STDC_HEADERS 1
| #define TIME_WITH_SYS_TIME 1
| #define HAVE_SYS_WAIT_H 1
| #define HAVE_SYS_TYPES_H 1
| #define HAVE_SYS_STAT_H 1
| #define HAVE_STDLIB_H 1
| #define HAVE_STRING_H 1
| #define HAVE_MEMORY_H 1
| #define HAVE_STRINGS_H 1
| #define HAVE_INTTYPES_H 1
| #define HAVE_STDINT_H 1
| #define HAVE_UNISTD_H 1
| #define HAVE_ARPA_INET_H 1
| #define HAVE_CTYPE_H 1
| #define HAVE_DIRENT_H 1
| #define HAVE_ERRNO_H 1
| #define HAVE_FCNTL_H 1
| #define HAVE_GETOPT_H 1
| #define HAVE_GRP_H 1
| #define HAVE_LIBGEN_H 1
| #define HAVE_LIMITS_H 1
| #define HAVE_MATH_H 1
| #define HAVE_NETDB_H 1
| #define HAVE_NETINET_IN_H 1
| #define HAVE_PWD_H 1
| #define HAVE_REGEX_H 1
| #define HAVE_SIGNAL_H 1
| #define HAVE_STDARG_H 1
| #define HAVE_STRING_H 1
| #define HAVE_STRINGS_H 1
| #define HAVE_SYS_MMAN_H 1
| #define HAVE_SYS_TYPES_H 1
| #define HAVE_SYS_TIME_H 1
| #define HAVE_SYS_RESOURCE_H 1
| #define HAVE_SYS_WAIT_H 1
| #define HAVE_SYS_SOCKET_H 1
| #define HAVE_SYS_STAT_H 1
| #define HAVE_SYS_TIMEB_H 1
| #define HAVE_SYS_UN_H 1
| #define HAVE_SYS_IPC_H 1
| #define HAVE_SYS_MSG_H 1
| #define HAVE_SYS_POLL_H 1
| #define HAVE_SYSLOG_H 1
| /* end confdefs.h.  */
| #include <stdio.h>
| #ifdef HAVE_SYS_TYPES_H
| # include <sys/types.h>
| #endif
| #ifdef HAVE_SYS_STAT_H
| # include <sys/stat.h>
| #endif
| #ifdef STDC_HEADERS
| # include <stdlib.h>
| # include <stddef.h>
| #else
| # ifdef HAVE_STDLIB_H
| #  include <stdlib.h>
| # endif
| #endif
| #ifdef HAVE_STRING_H
| # if !defined STDC_HEADERS && defined HAVE_MEMORY_H
| #  include <memory.h>
| # endif
| # include <string.h>
| #endif
| #ifdef HAVE_STRINGS_H
| # include <strings.h>
| #endif
| #ifdef HAVE_INTTYPES_H
| # include <inttypes.h>
| #endif
| #ifdef HAVE_STDINT_H
| # include <stdint.h>
| #endif
| #ifdef HAVE_UNISTD_H
| # include <unistd.h>
| #endif
| #include <uio.h>
configure:3950: result: no
configure:3950: checking uio.h presence
configure:3950: gcc -E  conftest.c
conftest.c:52:17: fatal error: uio.h: No such file or directory
compilation terminated.
configure:3950: $? = 1
configure: failed program was:
| /* confdefs.h */
| #define PACKAGE_NAME ""
| #define PACKAGE_TARNAME ""
| #define PACKAGE_VERSION ""
| #define PACKAGE_STRING ""
| #define PACKAGE_BUGREPORT ""
| #define PACKAGE_URL ""
| #define STDC_HEADERS 1
| #define TIME_WITH_SYS_TIME 1
| #define HAVE_SYS_WAIT_H 1
| #define HAVE_SYS_TYPES_H 1
| #define HAVE_SYS_STAT_H 1
| #define HAVE_STDLIB_H 1
| #define HAVE_STRING_H 1
| #define HAVE_MEMORY_H 1
| #define HAVE_STRINGS_H 1
| #define HAVE_INTTYPES_H 1
| #define HAVE_STDINT_H 1
| #define HAVE_UNISTD_H 1
| #define HAVE_ARPA_INET_H 1
| #define HAVE_CTYPE_H 1
| #define HAVE_DIRENT_H 1
| #define HAVE_ERRNO_H 1
| #define HAVE_FCNTL_H 1
| #define HAVE_GETOPT_H 1
| #define HAVE_GRP_H 1
| #define HAVE_LIBGEN_H 1
| #define HAVE_LIMITS_H 1
| #define HAVE_MATH_H 1
| #define HAVE_NETDB_H 1
| #define HAVE_NETINET_IN_H 1
| #define HAVE_PWD_H 1
| #define HAVE_REGEX_H 1
| #define HAVE_SIGNAL_H 1
| #define HAVE_STDARG_H 1
| #define HAVE_STRING_H 1
| #define HAVE_STRINGS_H 1
| #define HAVE_SYS_MMAN_H 1
| #define HAVE_SYS_TYPES_H 1
| #define HAVE_SYS_TIME_H 1
| #define HAVE_SYS_RESOURCE_H 1
| #define HAVE_SYS_WAIT_H 1
| #define HAVE_SYS_SOCKET_H 1
| #define HAVE_SYS_STAT_H 1
| #define HAVE_SYS_TIMEB_H 1
| #define HAVE_SYS_UN_H 1
| #define HAVE_SYS_IPC_H 1
| #define HAVE_SYS_MSG_H 1
| #define HAVE_SYS_POLL_H 1
| #define HAVE_SYSLOG_H 1
| /* end confdefs.h.  */
| #include <uio.h>
configure:3950: result: no
configure:3950: checking for uio.h
configure:3950: result: no
configure:3950: checking for unistd.h
configure:3950: result: yes
configure:3950: checking locale.h usability
configure:3950: gcc -c -g -O2  conftest.c >&5
configure:3950: $? = 0
configure:3950: result: yes
configure:3950: checking locale.h presence
configure:3950: gcc -E  conftest.c
configure:3950: $? = 0
configure:3950: result: yes
configure:3950: checking for locale.h
configure:3950: result: yes
configure:3950: checking wchar.h usability
configure:3950: gcc -c -g -O2  conftest.c >&5
configure:3950: $? = 0
configure:3950: result: yes
configure:3950: checking wchar.h presence
configure:3950: gcc -E  conftest.c
configure:3950: $? = 0
configure:3950: result: yes
configure:3950: checking for wchar.h
configure:3950: result: yes
configure:3961: checking for an ANSI C-conforming const
configure:4027: gcc -c -g -O2  conftest.c >&5
configure:4027: $? = 0
configure:4034: result: yes
configure:4042: checking whether struct tm is in sys/time.h or time.h
configure:4062: gcc -c -g -O2  conftest.c >&5
configure:4062: $? = 0
configure:4069: result: time.h
configure:4077: checking for struct tm.tm_zone
configure:4077: gcc -c -g -O2  conftest.c >&5
configure:4077: $? = 0
configure:4077: result: yes
configure:4144: checking for mode_t
configure:4144: gcc -c -g -O2  conftest.c >&5
configure:4144: $? = 0
configure:4144: gcc -c -g -O2  conftest.c >&5
conftest.c: In function 'main':
conftest.c:93:21: error: expected expression before ')' token
 if (sizeof ((mode_t)))
                     ^
configure:4144: $? = 1
configure: failed program was:
| /* confdefs.h */
| #define PACKAGE_NAME ""
| #define PACKAGE_TARNAME ""
| #define PACKAGE_VERSION ""
| #define PACKAGE_STRING ""
| #define PACKAGE_BUGREPORT ""
| #define PACKAGE_URL ""
| #define STDC_HEADERS 1
| #define TIME_WITH_SYS_TIME 1
| #define HAVE_SYS_WAIT_H 1
| #define HAVE_SYS_TYPES_H 1
| #define HAVE_SYS_STAT_H 1
| #define HAVE_STDLIB_H 1
| #define HAVE_STRING_H 1
| #define HAVE_MEMORY_H 1
| #define HAVE_STRINGS_H 1
| #define HAVE_INTTYPES_H 1
| #define HAVE_STDINT_H 1
| #define HAVE_UNISTD_H 1
| #define HAVE_ARPA_INET_H 1
| #define HAVE_CTYPE_H 1
| #define HAVE_DIRENT_H 1
| #define HAVE_ERRNO_H 1
| #define HAVE_FCNTL_H 1
| #define HAVE_GETOPT_H 1
| #define HAVE_GRP_H 1
| #define HAVE_LIBGEN_H 1
| #define HAVE_LIMITS_H 1
| #define HAVE_MATH_H 1
| #define HAVE_NETDB_H 1
| #define HAVE_NETINET_IN_H 1
| #define HAVE_PWD_H 1
| #define HAVE_REGEX_H 1
| #define HAVE_SIGNAL_H 1
| #define HAVE_STDARG_H 1
| #define HAVE_STRING_H 1
| #define HAVE_STRINGS_H 1
| #define HAVE_SYS_MMAN_H 1
| #define HAVE_SYS_TYPES_H 1
| #define HAVE_SYS_TIME_H 1
| #define HAVE_SYS_RESOURCE_H 1
| #define HAVE_SYS_WAIT_H 1
| #define HAVE_SYS_SOCKET_H 1
| #define HAVE_SYS_STAT_H 1
| #define HAVE_SYS_TIMEB_H 1
| #define HAVE_SYS_UN_H 1
| #define HAVE_SYS_IPC_H 1
| #define HAVE_SYS_MSG_H 1
| #define HAVE_SYS_POLL_H 1
| #define HAVE_SYSLOG_H 1
| #define HAVE_UNISTD_H 1
| #define HAVE_LOCALE_H 1
| #define HAVE_WCHAR_H 1
| #define HAVE_STRUCT_TM_TM_ZONE 1
| #define HAVE_TM_ZONE 1
| /* end confdefs.h.  */
| #include <stdio.h>
| #ifdef HAVE_SYS_TYPES_H
| # include <sys/types.h>
| #endif
| #ifdef HAVE_SYS_STAT_H
| # include <sys/stat.h>
| #endif
| #ifdef STDC_HEADERS
| # include <stdlib.h>
| # include <stddef.h>
| #else
| # ifdef HAVE_STDLIB_H
| #  include <stdlib.h>
| # endif
| #endif
| #ifdef HAVE_STRING_H
| # if !defined STDC_HEADERS && defined HAVE_MEMORY_H
| #  include <memory.h>
| # endif
| # include <string.h>
| #endif
| #ifdef HAVE_STRINGS_H
| # include <strings.h>
| #endif
| #ifdef HAVE_INTTYPES_H
| # include <inttypes.h>
| #endif
| #ifdef HAVE_STDINT_H
| # include <stdint.h>
| #endif
| #ifdef HAVE_UNISTD_H
| # include <unistd.h>
| #endif
| int
| main ()
| {
| if (sizeof ((mode_t)))
| 	    return 0;
|   ;
|   return 0;
| }
configure:4144: result: yes
configure:4155: checking for pid_t
configure:4155: gcc -c -g -O2  conftest.c >&5
configure:4155: $? = 0
configure:4155: gcc -c -g -O2  conftest.c >&5
conftest.c: In function 'main':
conftest.c:93:20: error: expected expression before ')' token
 if (sizeof ((pid_t)))
                    ^
configure:4155: $? = 1
configure: failed program was:
| /* confdefs.h */
| #define PACKAGE_NAME ""
| #define PACKAGE_TARNAME ""
| #define PACKAGE_VERSION ""
| #define PACKAGE_STRING ""
| #define PACKAGE_BUGREPORT ""
| #define PACKAGE_URL ""
| #define STDC_HEADERS 1
| #define TIME_WITH_SYS_TIME 1
| #define HAVE_SYS_WAIT_H 1
| #define HAVE_SYS_TYPES_H 1
| #define HAVE_SYS_STAT_H 1
| #define HAVE_STDLIB_H 1
| #define HAVE_STRING_H 1
| #define HAVE_MEMORY_H 1
| #define HAVE_STRINGS_H 1
| #define HAVE_INTTYPES_H 1
| #define HAVE_STDINT_H 1
| #define HAVE_UNISTD_H 1
| #define HAVE_ARPA_INET_H 1
| #define HAVE_CTYPE_H 1
| #define HAVE_DIRENT_H 1
| #define HAVE_ERRNO_H 1
| #define HAVE_FCNTL_H 1
| #define HAVE_GETOPT_H 1
| #define HAVE_GRP_H 1
| #define HAVE_LIBGEN_H 1
| #define HAVE_LIMITS_H 1
| #define HAVE_MATH_H 1
| #define HAVE_NETDB_H 1
| #define HAVE_NETINET_IN_H 1
| #define HAVE_PWD_H 1
| #define HAVE_REGEX_H 1
| #define HAVE_SIGNAL_H 1
| #define HAVE_STDARG_H 1
| #define HAVE_STRING_H 1
| #define HAVE_STRINGS_H 1
| #define HAVE_SYS_MMAN_H 1
| #define HAVE_SYS_TYPES_H 1
| #define HAVE_SYS_TIME_H 1
| #define HAVE_SYS_RESOURCE_H 1
| #define HAVE_SYS_WAIT_H 1
| #define HAVE_SYS_SOCKET_H 1
| #define HAVE_SYS_STAT_H 1
| #define HAVE_SYS_TIMEB_H 1
| #define HAVE_SYS_UN_H 1
| #define HAVE_SYS_IPC_H 1
| #define HAVE_SYS_MSG_H 1
| #define HAVE_SYS_POLL_H 1
| #define HAVE_SYSLOG_H 1
| #define HAVE_UNISTD_H 1
| #define HAVE_LOCALE_H 1
| #define HAVE_WCHAR_H 1
| #define HAVE_STRUCT_TM_TM_ZONE 1
| #define HAVE_TM_ZONE 1
| /* end confdefs.h.  */
| #include <stdio.h>
| #ifdef HAVE_SYS_TYPES_H
| # include <sys/types.h>
| #endif
| #ifdef HAVE_SYS_STAT_H
| # include <sys/stat.h>
| #endif
| #ifdef STDC_HEADERS
| # include <stdlib.h>
| # include <stddef.h>
| #else
| # ifdef HAVE_STDLIB_H
| #  include <stdlib.h>
| # endif
| #endif
| #ifdef HAVE_STRING_H
| # if !defined STDC_HEADERS && defined HAVE_MEMORY_H
| #  include <memory.h>
| # endif
| # include <string.h>
| #endif
| #ifdef HAVE_STRINGS_H
| # include <strings.h>
| #endif
| #ifdef HAVE_INTTYPES_H
| # include <inttypes.h>
| #endif
| #ifdef HAVE_STDINT_H
| # include <stdint.h>
| #endif
| #ifdef HAVE_UNISTD_H
| # include <unistd.h>
| #endif
| int
| main ()
| {
| if (sizeof ((pid_t)))
| 	    return 0;
|   ;
|   return 0;
| }
configure:4155: result: yes
configure:4166: checking for size_t
configure:4166: gcc -c -g -O2  conftest.c >&5
configure:4166: $? = 0
configure:4166: gcc -c -g -O2  conftest.c >&5
conftest.c: In function 'main':
conftest.c:93:21: error: expected expression before ')' token
 if (sizeof ((size_t)))
                     ^
configure:4166: $? = 1
configure: failed program was:
| /* confdefs.h */
| #define PACKAGE_NAME ""
| #define PACKAGE_TARNAME ""
| #define PACKAGE_VERSION ""
| #define PACKAGE_STRING ""
| #define PACKAGE_BUGREPORT ""
| #define PACKAGE_URL ""
| #define STDC_HEADERS 1
| #define TIME_WITH_SYS_TIME 1
| #define HAVE_SYS_WAIT_H 1
| #define HAVE_SYS_TYPES_H 1
| #define HAVE_SYS_STAT_H 1
| #define HAVE_STDLIB_H 1
| #define HAVE_STRING_H 1
| #define HAVE_MEMORY_H 1
| #define HAVE_STRINGS_H 1
| #define HAVE_INTTYPES_H 1
| #define HAVE_STDINT_H 1
| #define HAVE_UNISTD_H 1
| #define HAVE_ARPA_INET_H 1
| #define HAVE_CTYPE_H 1
| #define HAVE_DIRENT_H 1
| #define HAVE_ERRNO_H 1
| #define HAVE_FCNTL_H 1
| #define HAVE_GETOPT_H 1
| #define HAVE_GRP_H 1
| #define HAVE_LIBGEN_H 1
| #define HAVE_LIMITS_H 1
| #define HAVE_MATH_H 1
| #define HAVE_NETDB_H 1
| #define HAVE_NETINET_IN_H 1
| #define HAVE_PWD_H 1
| #define HAVE_REGEX_H 1
| #define HAVE_SIGNAL_H 1
| #define HAVE_STDARG_H 1
| #define HAVE_STRING_H 1
| #define HAVE_STRINGS_H 1
| #define HAVE_SYS_MMAN_H 1
| #define HAVE_SYS_TYPES_H 1
| #define HAVE_SYS_TIME_H 1
| #define HAVE_SYS_RESOURCE_H 1
| #define HAVE_SYS_WAIT_H 1
| #define HAVE_SYS_SOCKET_H 1
| #define HAVE_SYS_STAT_H 1
| #define HAVE_SYS_TIMEB_H 1
| #define HAVE_SYS_UN_H 1
| #define HAVE_SYS_IPC_H 1
| #define HAVE_SYS_MSG_H 1
| #define HAVE_SYS_POLL_H 1
| #define HAVE_SYSLOG_H 1
| #define HAVE_UNISTD_H 1
| #define HAVE_LOCALE_H 1
| #define HAVE_WCHAR_H 1
| #define HAVE_STRUCT_TM_TM_ZONE 1
| #define HAVE_TM_ZONE 1
| /* end confdefs.h.  */
| #include <stdio.h>
| #ifdef HAVE_SYS_TYPES_H
| # include <sys/types.h>
| #endif
| #ifdef HAVE_SYS_STAT_H
| # include <sys/stat.h>
| #endif
| #ifdef STDC_HEADERS
| # include <stdlib.h>
| # include <stddef.h>
| #else
| # ifdef HAVE_STDLIB_H
| #  include <stdlib.h>
| # endif
| #endif
| #ifdef HAVE_STRING_H
| # if !defined STDC_HEADERS && defined HAVE_MEMORY_H
| #  include <memory.h>
| # endif
| # include <string.h>
| #endif
| #ifdef HAVE_STRINGS_H
| # include <strings.h>
| #endif
| #ifdef HAVE_INTTYPES_H
| # include <inttypes.h>
| #endif
| #ifdef HAVE_STDINT_H
| # include <stdint.h>
| #endif
| #ifdef HAVE_UNISTD_H
| # include <unistd.h>
| #endif
| int
| main ()
| {
| if (sizeof ((size_t)))
| 	    return 0;
|   ;
|   return 0;
| }
configure:4166: result: yes
configure:4177: checking return type of signal handlers
configure:4195: gcc -c -g -O2  conftest.c >&5
conftest.c: In function 'main':
conftest.c:63:9: error: void value not ignored as it ought to be
 return *(signal (0, 0)) (0) == 1;
         ^
configure:4195: $? = 1
configure: failed program was:
| /* confdefs.h */
| #define PACKAGE_NAME ""
| #define PACKAGE_TARNAME ""
| #define PACKAGE_VERSION ""
| #define PACKAGE_STRING ""
| #define PACKAGE_BUGREPORT ""
| #define PACKAGE_URL ""
| #define STDC_HEADERS 1
| #define TIME_WITH_SYS_TIME 1
| #define HAVE_SYS_WAIT_H 1
| #define HAVE_SYS_TYPES_H 1
| #define HAVE_SYS_STAT_H 1
| #define HAVE_STDLIB_H 1
| #define HAVE_STRING_H 1
| #define HAVE_MEMORY_H 1
| #define HAVE_STRINGS_H 1
| #define HAVE_INTTYPES_H 1
| #define HAVE_STDINT_H 1
| #define HAVE_UNISTD_H 1
| #define HAVE_ARPA_INET_H 1
| #define HAVE_CTYPE_H 1
| #define HAVE_DIRENT_H 1
| #define HAVE_ERRNO_H 1
| #define HAVE_FCNTL_H 1
| #define HAVE_GETOPT_H 1
| #define HAVE_GRP_H 1
| #define HAVE_LIBGEN_H 1
| #define HAVE_LIMITS_H 1
| #define HAVE_MATH_H 1
| #define HAVE_NETDB_H 1
| #define HAVE_NETINET_IN_H 1
| #define HAVE_PWD_H 1
| #define HAVE_REGEX_H 1
| #define HAVE_SIGNAL_H 1
| #define HAVE_STDARG_H 1
| #define HAVE_STRING_H 1
| #define HAVE_STRINGS_H 1
| #define HAVE_SYS_MMAN_H 1
| #define HAVE_SYS_TYPES_H 1
| #define HAVE_SYS_TIME_H 1
| #define HAVE_SYS_RESOURCE_H 1
| #define HAVE_SYS_WAIT_H 1
| #define HAVE_SYS_SOCKET_H 1
| #define HAVE_SYS_STAT_H 1
| #define HAVE_SYS_TIMEB_H 1
| #define HAVE_SYS_UN_H 1
| #define HAVE_SYS_IPC_H 1
| #define HAVE_SYS_MSG_H 1
| #define HAVE_SYS_POLL_H 1
| #define HAVE_SYSLOG_H 1
| #define HAVE_UNISTD_H 1
| #define HAVE_LOCALE_H 1
| #define HAVE_WCHAR_H 1
| #define HAVE_STRUCT_TM_TM_ZONE 1
| #define HAVE_TM_ZONE 1
| /* end confdefs.h.  */
| #include <sys/types.h>
| #include <signal.h>
| 
| int
| main ()
| {
| return *(signal (0, 0)) (0) == 1;
|   ;
|   return 0;
| }
configure:4202: result: void
configure:4210: checking for uid_t in sys/types.h
configure:4229: result: yes
configure:4240: checking type of array argument to getgroups
configure:4274: gcc -o conftest -g -O2   conftest.c  >&5
configure:4274: $? = 0
configure:4274: ./conftest
configure:4274: $? = 0
configure:4299: result: gid_t
configure:4309: checking for va_copy
configure:4327: gcc -o conftest -g -O2   conftest.c  >&5
configure:4327: $? = 0
configure:4335: result: yes
configure:4377: checking for vsnprintf
configure:4377: gcc -o conftest -g -O2   conftest.c  >&5
conftest.c:83:6: warning: conflicting types for built-in function 'vsnprintf'
 char vsnprintf ();
      ^
configure:4377: $? = 0
configure:4377: result: yes
configure:4384: checking for snprintf
configure:4384: gcc -o conftest -g -O2   conftest.c  >&5
conftest.c:83:6: warning: conflicting types for built-in function 'snprintf'
 char snprintf ();
      ^
configure:4384: $? = 0
configure:4384: result: yes
configure:4391: checking for asprintf
configure:4391: gcc -o conftest -g -O2   conftest.c  >&5
configure:4391: $? = 0
configure:4391: result: yes
configure:4398: checking for vasprintf
configure:4398: gcc -o conftest -g -O2   conftest.c  >&5
configure:4398: $? = 0
configure:4398: result: yes
configure:4407: checking for sigaction
configure:4407: gcc -o conftest -g -O2   conftest.c  >&5
configure:4407: $? = 0
configure:4407: result: yes
configure:4417: checking for C99 vsnprintf
configure:4453: gcc -o conftest -g -O2   conftest.c  >&5
conftest.c: In function 'foo':
conftest.c:70:14: warning: implicit declaration of function 'vsnprintf' [-Wimplicit-function-declaration]
        len = vsnprintf(buf, 0, format, ap);
              ^
conftest.c:72:22: warning: implicit declaration of function 'exit' [-Wimplicit-function-declaration]
        if (len != 5) exit(1);
                      ^
conftest.c:72:22: warning: incompatible implicit declaration of built-in function 'exit'
conftest.c:72:22: note: include '<stdlib.h>' or provide a declaration of 'exit'
conftest.c:77:22: warning: incompatible implicit declaration of built-in function 'exit'
        if (len != 5) exit(1);
                      ^
conftest.c:77:22: note: include '<stdlib.h>' or provide a declaration of 'exit'
conftest.c:79:12: warning: implicit declaration of function 'snprintf' [-Wimplicit-function-declaration]
        if (snprintf(buf, 3, "hello") != 5 || strcmp(buf, "he") != 0) exit(1);
            ^
conftest.c:79:12: warning: incompatible implicit declaration of built-in function 'snprintf'
conftest.c:79:12: note: include '<stdio.h>' or provide a declaration of 'snprintf'
conftest.c:79:46: warning: implicit declaration of function 'strcmp' [-Wimplicit-function-declaration]
        if (snprintf(buf, 3, "hello") != 5 || strcmp(buf, "he") != 0) exit(1);
                                              ^
conftest.c:79:70: warning: incompatible implicit declaration of built-in function 'exit'
        if (snprintf(buf, 3, "hello") != 5 || strcmp(buf, "he") != 0) exit(1);
                                                                      ^
conftest.c:79:70: note: include '<stdlib.h>' or provide a declaration of 'exit'
conftest.c:81:8: warning: incompatible implicit declaration of built-in function 'exit'
        exit(0);
        ^
conftest.c:81:8: note: include '<stdlib.h>' or provide a declaration of 'exit'
conftest.c: At top level:
conftest.c:83:1: warning: return type defaults to 'int' [-Wimplicit-int]
 main() { foo("hello"); }
 ^
configure:4453: $? = 0
configure:4453: ./conftest
configure:4453: $? = 0
configure:4463: result: yes
configure:4474: checking for library containing getservbyname
configure:4505: gcc -o conftest -g -O2   conftest.c  >&5
configure:4505: $? = 0
configure:4522: result: none required
configure:4532: checking for library containing connect
configure:4563: gcc -o conftest -g -O2   conftest.c  >&5
configure:4563: $? = 0
configure:4580: result: none required
configure:4594: checking for initgroups
configure:4594: gcc -o conftest -g -O2   conftest.c  >&5
configure:4594: $? = 0
configure:4594: result: yes
configure:4594: checking for setenv
configure:4594: gcc -o conftest -g -O2   conftest.c  >&5
configure:4594: $? = 0
configure:4594: result: yes
configure:4594: checking for strdup
configure:4594: gcc -o conftest -g -O2   conftest.c  >&5
conftest.c:87:6: warning: conflicting types for built-in function 'strdup'
 char strdup ();
      ^
configure:4594: $? = 0
configure:4594: result: yes
configure:4594: checking for strstr
configure:4594: gcc -o conftest -g -O2   conftest.c  >&5
conftest.c:88:6: warning: conflicting types for built-in function 'strstr'
 char strstr ();
      ^
configure:4594: $? = 0
configure:4594: result: yes
configure:4594: checking for strtoul
configure:4594: gcc -o conftest -g -O2   conftest.c  >&5
configure:4594: $? = 0
configure:4594: result: yes
configure:4594: checking for unsetenv
configure:4594: gcc -o conftest -g -O2   conftest.c  >&5
configure:4594: $? = 0
configure:4594: result: yes
configure:4604: checking for type of socket size
configure:4620: gcc -c -g -O2  conftest.c >&5
configure:4620: $? = 0
configure:4623: result: size_t
configure:4634: checking for library containing nanosleep
configure:4665: gcc -o conftest -g -O2   conftest.c  >&5
configure:4665: $? = 0
configure:4682: result: none required
configure:4761: checking for mail
configure:4794: result: no
configure:4896: checking for glibc at least version 2.4
configure:4912: gcc -E  conftest.c
configure:4912: $? = 0
configure:4913: result: yes
configure:4922: checking sys/epoll.h usability
configure:4922: gcc -c -g -O2  conftest.c >&5
configure:4922: $? = 0
configure:4922: result: yes
configure:4922: checking sys/epoll.h presence
configure:4922: gcc -E  conftest.c
configure:4922: $? = 0
configure:4922: result: yes
configure:4922: checking for sys/epoll.h
configure:4922: result: yes
configure:4931: checking sys/select.h usability
configure:4931: gcc -c -g -O2  conftest.c >&5
configure:4931: $? = 0
configure:4931: result: yes
configure:4931: checking sys/select.h presence
configure:4931: gcc -E  conftest.c
configure:4931: $? = 0
configure:4931: result: yes
configure:4931: checking for sys/select.h
configure:4931: result: yes
configure:5057: checking for main in -liconv
configure:5076: gcc -o conftest -g -O2   conftest.c -liconv   >&5
/usr/bin/ld: cannot find -liconv
collect2: error: ld returned 1 exit status
configure:5076: $? = 1
configure: failed program was:
| /* confdefs.h */
| #define PACKAGE_NAME ""
| #define PACKAGE_TARNAME ""
| #define PACKAGE_VERSION ""
| #define PACKAGE_STRING ""
| #define PACKAGE_BUGREPORT ""
| #define PACKAGE_URL ""
| #define STDC_HEADERS 1
| #define TIME_WITH_SYS_TIME 1
| #define HAVE_SYS_WAIT_H 1
| #define HAVE_SYS_TYPES_H 1
| #define HAVE_SYS_STAT_H 1
| #define HAVE_STDLIB_H 1
| #define HAVE_STRING_H 1
| #define HAVE_MEMORY_H 1
| #define HAVE_STRINGS_H 1
| #define HAVE_INTTYPES_H 1
| #define HAVE_STDINT_H 1
| #define HAVE_UNISTD_H 1
| #define HAVE_ARPA_INET_H 1
| #define HAVE_CTYPE_H 1
| #define HAVE_DIRENT_H 1
| #define HAVE_ERRNO_H 1
| #define HAVE_FCNTL_H 1
| #define HAVE_GETOPT_H 1
| #define HAVE_GRP_H 1
| #define HAVE_LIBGEN_H 1
| #define HAVE_LIMITS_H 1
| #define HAVE_MATH_H 1
| #define HAVE_NETDB_H 1
| #define HAVE_NETINET_IN_H 1
| #define HAVE_PWD_H 1
| #define HAVE_REGEX_H 1
| #define HAVE_SIGNAL_H 1
| #define HAVE_STDARG_H 1
| #define HAVE_STRING_H 1
| #define HAVE_STRINGS_H 1
| #define HAVE_SYS_MMAN_H 1
| #define HAVE_SYS_TYPES_H 1
| #define HAVE_SYS_TIME_H 1
| #define HAVE_SYS_RESOURCE_H 1
| #define HAVE_SYS_WAIT_H 1
| #define HAVE_SYS_SOCKET_H 1
| #define HAVE_SYS_STAT_H 1
| #define HAVE_SYS_TIMEB_H 1
| #define HAVE_SYS_UN_H 1
| #define HAVE_SYS_IPC_H 1
| #define HAVE_SYS_MSG_H 1
| #define HAVE_SYS_POLL_H 1
| #define HAVE_SYSLOG_H 1
| #define HAVE_UNISTD_H 1
| #define HAVE_LOCALE_H 1
| #define HAVE_WCHAR_H 1
| #define HAVE_STRUCT_TM_TM_ZONE 1
| #define HAVE_TM_ZONE 1
| #define RETSIGTYPE void
| #define GETGROUPS_T gid_t
| #define HAVE_VA_COPY 1
| #define HAVE_SIGACTION 1
| #define HAVE_C99_VSNPRINTF 1
| #define HAVE_INITGROUPS 1
| #define HAVE_SETENV 1
| #define HAVE_STRDUP 1
| #define HAVE_STRSTR 1
| #define HAVE_STRTOUL 1
| #define HAVE_UNSETENV 1
| #define SOCKET_SIZE_TYPE size_t
| #define DEFAULT_NAGIOS_USER "nagios"
| #define DEFAULT_NAGIOS_GROUP "nagios"
| #define IOBROKER_USES_EPOLL 1
| #define USE_STATUSWRL /**/
| /* end confdefs.h.  */
| 
| 
| int
| main ()
| {
| return main ();
|   ;
|   return 0;
| }
configure:5085: result: no
configure:5093: checking for gdImagePng in -lgd (order 1)
configure:5116: gcc -o conftest -g -O2   conftest.c -lgd -lttf -lpng -ljpeg -lz -lm  >&5
/usr/bin/ld: cannot find -lttf
collect2: error: ld returned 1 exit status
configure:5116: $? = 1
configure: failed program was:
| /* confdefs.h */
| #define PACKAGE_NAME ""
| #define PACKAGE_TARNAME ""
| #define PACKAGE_VERSION ""
| #define PACKAGE_STRING ""
| #define PACKAGE_BUGREPORT ""
| #define PACKAGE_URL ""
| #define STDC_HEADERS 1
| #define TIME_WITH_SYS_TIME 1
| #define HAVE_SYS_WAIT_H 1
| #define HAVE_SYS_TYPES_H 1
| #define HAVE_SYS_STAT_H 1
| #define HAVE_STDLIB_H 1
| #define HAVE_STRING_H 1
| #define HAVE_MEMORY_H 1
| #define HAVE_STRINGS_H 1
| #define HAVE_INTTYPES_H 1
| #define HAVE_STDINT_H 1
| #define HAVE_UNISTD_H 1
| #define HAVE_ARPA_INET_H 1
| #define HAVE_CTYPE_H 1
| #define HAVE_DIRENT_H 1
| #define HAVE_ERRNO_H 1
| #define HAVE_FCNTL_H 1
| #define HAVE_GETOPT_H 1
| #define HAVE_GRP_H 1
| #define HAVE_LIBGEN_H 1
| #define HAVE_LIMITS_H 1
| #define HAVE_MATH_H 1
| #define HAVE_NETDB_H 1
| #define HAVE_NETINET_IN_H 1
| #define HAVE_PWD_H 1
| #define HAVE_REGEX_H 1
| #define HAVE_SIGNAL_H 1
| #define HAVE_STDARG_H 1
| #define HAVE_STRING_H 1
| #define HAVE_STRINGS_H 1
| #define HAVE_SYS_MMAN_H 1
| #define HAVE_SYS_TYPES_H 1
| #define HAVE_SYS_TIME_H 1
| #define HAVE_SYS_RESOURCE_H 1
| #define HAVE_SYS_WAIT_H 1
| #define HAVE_SYS_SOCKET_H 1
| #define HAVE_SYS_STAT_H 1
| #define HAVE_SYS_TIMEB_H 1
| #define HAVE_SYS_UN_H 1
| #define HAVE_SYS_IPC_H 1
| #define HAVE_SYS_MSG_H 1
| #define HAVE_SYS_POLL_H 1
| #define HAVE_SYSLOG_H 1
| #define HAVE_UNISTD_H 1
| #define HAVE_LOCALE_H 1
| #define HAVE_WCHAR_H 1
| #define HAVE_STRUCT_TM_TM_ZONE 1
| #define HAVE_TM_ZONE 1
| #define RETSIGTYPE void
| #define GETGROUPS_T gid_t
| #define HAVE_VA_COPY 1
| #define HAVE_SIGACTION 1
| #define HAVE_C99_VSNPRINTF 1
| #define HAVE_INITGROUPS 1
| #define HAVE_SETENV 1
| #define HAVE_STRDUP 1
| #define HAVE_STRSTR 1
| #define HAVE_STRTOUL 1
| #define HAVE_UNSETENV 1
| #define SOCKET_SIZE_TYPE size_t
| #define DEFAULT_NAGIOS_USER "nagios"
| #define DEFAULT_NAGIOS_GROUP "nagios"
| #define IOBROKER_USES_EPOLL 1
| #define USE_STATUSWRL /**/
| /* end confdefs.h.  */
| 	/* Override any gcc2 internal prototype to avoid an error.  */
| /* We use char because int might match the return type of a gcc2
|     builtin and then its argument prototype would still apply.  */
| char gdImagePng();
| 
| int
| main ()
| {
| gdImagePng()
|   ;
|   return 0;
| }
configure:5134: result: no
configure:5141: checking for gdImagePng in -lgd (order 2)
configure:5164: gcc -o conftest -g -O2   conftest.c -lgd  -lpng -ljpeg -lz -lm  >&5
configure:5164: $? = 0
configure:5175: result: yes
configure:5330: checking for gdImageCreateTrueColor in -lgd
configure:5355: gcc -o conftest -g -O2   conftest.c -lgd   >&5
configure:5355: $? = 0
configure:5364: result: yes
configure:5443: checking ltdl.h usability
configure:5443: gcc -c -g -O2  conftest.c >&5
conftest.c:111:18: fatal error: ltdl.h: No such file or directory
compilation terminated.
configure:5443: $? = 1
configure: failed program was:
| /* confdefs.h */
| #define PACKAGE_NAME ""
| #define PACKAGE_TARNAME ""
| #define PACKAGE_VERSION ""
| #define PACKAGE_STRING ""
| #define PACKAGE_BUGREPORT ""
| #define PACKAGE_URL ""
| #define STDC_HEADERS 1
| #define TIME_WITH_SYS_TIME 1
| #define HAVE_SYS_WAIT_H 1
| #define HAVE_SYS_TYPES_H 1
| #define HAVE_SYS_STAT_H 1
| #define HAVE_STDLIB_H 1
| #define HAVE_STRING_H 1
| #define HAVE_MEMORY_H 1
| #define HAVE_STRINGS_H 1
| #define HAVE_INTTYPES_H 1
| #define HAVE_STDINT_H 1
| #define HAVE_UNISTD_H 1
| #define HAVE_ARPA_INET_H 1
| #define HAVE_CTYPE_H 1
| #define HAVE_DIRENT_H 1
| #define HAVE_ERRNO_H 1
| #define HAVE_FCNTL_H 1
| #define HAVE_GETOPT_H 1
| #define HAVE_GRP_H 1
| #define HAVE_LIBGEN_H 1
| #define HAVE_LIMITS_H 1
| #define HAVE_MATH_H 1
| #define HAVE_NETDB_H 1
| #define HAVE_NETINET_IN_H 1
| #define HAVE_PWD_H 1
| #define HAVE_REGEX_H 1
| #define HAVE_SIGNAL_H 1
| #define HAVE_STDARG_H 1
| #define HAVE_STRING_H 1
| #define HAVE_STRINGS_H 1
| #define HAVE_SYS_MMAN_H 1
| #define HAVE_SYS_TYPES_H 1
| #define HAVE_SYS_TIME_H 1
| #define HAVE_SYS_RESOURCE_H 1
| #define HAVE_SYS_WAIT_H 1
| #define HAVE_SYS_SOCKET_H 1
| #define HAVE_SYS_STAT_H 1
| #define HAVE_SYS_TIMEB_H 1
| #define HAVE_SYS_UN_H 1
| #define HAVE_SYS_IPC_H 1
| #define HAVE_SYS_MSG_H 1
| #define HAVE_SYS_POLL_H 1
| #define HAVE_SYSLOG_H 1
| #define HAVE_UNISTD_H 1
| #define HAVE_LOCALE_H 1
| #define HAVE_WCHAR_H 1
| #define HAVE_STRUCT_TM_TM_ZONE 1
| #define HAVE_TM_ZONE 1
| #define RETSIGTYPE void
| #define GETGROUPS_T gid_t
| #define HAVE_VA_COPY 1
| #define HAVE_SIGACTION 1
| #define HAVE_C99_VSNPRINTF 1
| #define HAVE_INITGROUPS 1
| #define HAVE_SETENV 1
| #define HAVE_STRDUP 1
| #define HAVE_STRSTR 1
| #define HAVE_STRTOUL 1
| #define HAVE_UNSETENV 1
| #define SOCKET_SIZE_TYPE size_t
| #define DEFAULT_NAGIOS_USER "nagios"
| #define DEFAULT_NAGIOS_GROUP "nagios"
| #define IOBROKER_USES_EPOLL 1
| #define USE_STATUSWRL /**/
| #define USE_STATUSMAP /**/
| #define HAVE_GDIMAGECREATETRUECOLOR 1
| #define USE_TRENDS /**/
| #define USE_HISTOGRAM /**/
| #define USE_NANOSLEEP /**/
| /* end confdefs.h.  */
| #include <stdio.h>
| #ifdef HAVE_SYS_TYPES_H
| # include <sys/types.h>
| #endif
| #ifdef HAVE_SYS_STAT_H
| # include <sys/stat.h>
| #endif
| #ifdef STDC_HEADERS
| # include <stdlib.h>
| # include <stddef.h>
| #else
| # ifdef HAVE_STDLIB_H
| #  include <stdlib.h>
| # endif
| #endif
| #ifdef HAVE_STRING_H
| # if !defined STDC_HEADERS && defined HAVE_MEMORY_H
| #  include <memory.h>
| # endif
| # include <string.h>
| #endif
| #ifdef HAVE_STRINGS_H
| # include <strings.h>
| #endif
| #ifdef HAVE_INTTYPES_H
| # include <inttypes.h>
| #endif
| #ifdef HAVE_STDINT_H
| # include <stdint.h>
| #endif
| #ifdef HAVE_UNISTD_H
| # include <unistd.h>
| #endif
| #include <ltdl.h>
configure:5443: result: no
configure:5443: checking ltdl.h presence
configure:5443: gcc -E  conftest.c
conftest.c:78:18: fatal error: ltdl.h: No such file or directory
compilation terminated.
configure:5443: $? = 1
configure: failed program was:
| /* confdefs.h */
| #define PACKAGE_NAME ""
| #define PACKAGE_TARNAME ""
| #define PACKAGE_VERSION ""
| #define PACKAGE_STRING ""
| #define PACKAGE_BUGREPORT ""
| #define PACKAGE_URL ""
| #define STDC_HEADERS 1
| #define TIME_WITH_SYS_TIME 1
| #define HAVE_SYS_WAIT_H 1
| #define HAVE_SYS_TYPES_H 1
| #define HAVE_SYS_STAT_H 1
| #define HAVE_STDLIB_H 1
| #define HAVE_STRING_H 1
| #define HAVE_MEMORY_H 1
| #define HAVE_STRINGS_H 1
| #define HAVE_INTTYPES_H 1
| #define HAVE_STDINT_H 1
| #define HAVE_UNISTD_H 1
| #define HAVE_ARPA_INET_H 1
| #define HAVE_CTYPE_H 1
| #define HAVE_DIRENT_H 1
| #define HAVE_ERRNO_H 1
| #define HAVE_FCNTL_H 1
| #define HAVE_GETOPT_H 1
| #define HAVE_GRP_H 1
| #define HAVE_LIBGEN_H 1
| #define HAVE_LIMITS_H 1
| #define HAVE_MATH_H 1
| #define HAVE_NETDB_H 1
| #define HAVE_NETINET_IN_H 1
| #define HAVE_PWD_H 1
| #define HAVE_REGEX_H 1
| #define HAVE_SIGNAL_H 1
| #define HAVE_STDARG_H 1
| #define HAVE_STRING_H 1
| #define HAVE_STRINGS_H 1
| #define HAVE_SYS_MMAN_H 1
| #define HAVE_SYS_TYPES_H 1
| #define HAVE_SYS_TIME_H 1
| #define HAVE_SYS_RESOURCE_H 1
| #define HAVE_SYS_WAIT_H 1
| #define HAVE_SYS_SOCKET_H 1
| #define HAVE_SYS_STAT_H 1
| #define HAVE_SYS_TIMEB_H 1
| #define HAVE_SYS_UN_H 1
| #define HAVE_SYS_IPC_H 1
| #define HAVE_SYS_MSG_H 1
| #define HAVE_SYS_POLL_H 1
| #define HAVE_SYSLOG_H 1
| #define HAVE_UNISTD_H 1
| #define HAVE_LOCALE_H 1
| #define HAVE_WCHAR_H 1
| #define HAVE_STRUCT_TM_TM_ZONE 1
| #define HAVE_TM_ZONE 1
| #define RETSIGTYPE void
| #define GETGROUPS_T gid_t
| #define HAVE_VA_COPY 1
| #define HAVE_SIGACTION 1
| #define HAVE_C99_VSNPRINTF 1
| #define HAVE_INITGROUPS 1
| #define HAVE_SETENV 1
| #define HAVE_STRDUP 1
| #define HAVE_STRSTR 1
| #define HAVE_STRTOUL 1
| #define HAVE_UNSETENV 1
| #define SOCKET_SIZE_TYPE size_t
| #define DEFAULT_NAGIOS_USER "nagios"
| #define DEFAULT_NAGIOS_GROUP "nagios"
| #define IOBROKER_USES_EPOLL 1
| #define USE_STATUSWRL /**/
| #define USE_STATUSMAP /**/
| #define HAVE_GDIMAGECREATETRUECOLOR 1
| #define USE_TRENDS /**/
| #define USE_HISTOGRAM /**/
| #define USE_NANOSLEEP /**/
| /* end confdefs.h.  */
| #include <ltdl.h>
configure:5443: result: no
configure:5443: checking for ltdl.h
configure:5443: result: no
configure:5497: checking dlfcn.h usability
configure:5497: gcc -c -g -O2  conftest.c >&5
configure:5497: $? = 0
configure:5497: result: yes
configure:5497: checking dlfcn.h presence
configure:5497: gcc -E  conftest.c
configure:5497: $? = 0
configure:5497: result: yes
configure:5497: checking for dlfcn.h
configure:5497: result: yes
configure:5500: checking for dlopen in -ldl
configure:5525: gcc -o conftest -g -O2   conftest.c -ldl   >&5
configure:5525: $? = 0
configure:5534: result: yes
configure:5562: checking for extra flags needed to export symbols
configure:5585: gcc -o conftest -g -O2  -Wl,-export-dynamic conftest.c  >&5
configure:5585: $? = 0
configure:5617: result:  -Wl,-export-dynamic
configure:5621: checking for linker flags for loadable modules
configure:5655: result: -shared
configure:5698: checking for traceroute
configure:5731: result: no
configure:5749: checking for type va_list
configure:5770: gcc -c -g -O2  conftest.c >&5
configure:5770: $? = 0
configure:5771: result: yes
configure:5821: checking for perl
configure:5839: found /usr/bin/perl
configure:5851: result: /usr/bin/perl
configure:5892: creating ./config.status

## ---------------------- ##
## Running config.status. ##
## ---------------------- ##

This file was extended by config.status, which was
generated by GNU Autoconf 2.69.  Invocation command line was

  CONFIG_FILES    = 
  CONFIG_HEADERS  = 
  CONFIG_LINKS    = 
  CONFIG_COMMANDS = 
  $ ./config.status 

on ben-VirtualBox

config.status:928: creating Makefile
config.status:928: creating lib/Makefile
config.status:928: creating subst
config.status:928: creating pkginfo
config.status:928: creating base/Makefile
config.status:928: creating common/Makefile
config.status:928: creating contrib/Makefile
config.status:928: creating cgi/Makefile
config.status:928: creating html/Makefile
config.status:928: creating module/Makefile
config.status:928: creating worker/Makefile
config.status:928: creating worker/ping/Makefile
config.status:928: creating xdata/Makefile
config.status:928: creating daemon-init
config.status:928: creating t/Makefile
config.status:928: creating t-tap/Makefile
config.status:928: creating include/config.h
config.status:928: creating lib/snprintf.h
config.status:928: creating lib/iobroker.h
configure:7248: result: *** Configuration summary for nagios 4.2.0 08-01-2016 ***:
configure:7255: result:         Nagios executable:  nagios
configure:7257: result:         Nagios user/group:  nagios,nagios
configure:7259: result:        Command user/group:  nagios,nagcmd
configure:7262: result:              Event Broker:  yes
configure:7268: result:         Install ${prefix}:  /usr/local/nagios
configure:7274: result:     Install ${includedir}:  /usr/local/nagios/include/nagios
configure:7276: result:                 Lock file:  ${prefix}/var/nagios.lock
configure:7278: result:    Check result directory:  ${prefix}/var/spool/checkresults
configure:7280: result:            Init directory:  /etc/init.d
configure:7282: result:   Apache conf.d directory:  /etc/httpd/conf.d
configure:7284: result:              Mail program:  /bin/mail
configure:7286: result:                   Host OS:  linux-gnu
configure:7288: result:           IOBroker Method:  epoll
configure:7295: result:                  HTML URL:  http://localhost/nagios/
configure:7297: result:                   CGI URL:  http://localhost/nagios/cgi-bin/
configure:7299: result:  Traceroute (used by WAP):  

## ---------------- ##
## Cache variables. ##
## ---------------- ##

ac_cv_HAVE_C99_VSNPRINTF=yes
ac_cv_HAVE_VA_COPY=yes
ac_cv_build=x86_64-unknown-linux-gnu
ac_cv_c_compiler_gnu=yes
ac_cv_c_const=yes
ac_cv_env_CC_set=
ac_cv_env_CC_value=
ac_cv_env_CFLAGS_set=
ac_cv_env_CFLAGS_value=
ac_cv_env_CPPFLAGS_set=
ac_cv_env_CPPFLAGS_value=
ac_cv_env_CPP_set=
ac_cv_env_CPP_value=
ac_cv_env_LDFLAGS_set=
ac_cv_env_LDFLAGS_value=
ac_cv_env_LIBS_set=
ac_cv_env_LIBS_value=
ac_cv_env_build_alias_set=
ac_cv_env_build_alias_value=
ac_cv_env_host_alias_set=
ac_cv_env_host_alias_value=
ac_cv_env_target_alias_set=
ac_cv_env_target_alias_value=
ac_cv_func_asprintf=yes
ac_cv_func_initgroups=yes
ac_cv_func_setenv=yes
ac_cv_func_sigaction=yes
ac_cv_func_snprintf=yes
ac_cv_func_strdup=yes
ac_cv_func_strstr=yes
ac_cv_func_strtoul=yes
ac_cv_func_unsetenv=yes
ac_cv_func_vasprintf=yes
ac_cv_func_vsnprintf=yes
ac_cv_header_arpa_inet_h=yes
ac_cv_header_ctype_h=yes
ac_cv_header_dirent_h=yes
ac_cv_header_dlfcn_h=yes
ac_cv_header_errno_h=yes
ac_cv_header_fcntl_h=yes
ac_cv_header_getopt_h=yes
ac_cv_header_grp_h=yes
ac_cv_header_inttypes_h=yes
ac_cv_header_libgen_h=yes
ac_cv_header_limits_h=yes
ac_cv_header_locale_h=yes
ac_cv_header_ltdl_h=no
ac_cv_header_math_h=yes
ac_cv_header_memory_h=yes
ac_cv_header_netdb_h=yes
ac_cv_header_netinet_in_h=yes
ac_cv_header_pwd_h=yes
ac_cv_header_regex_h=yes
ac_cv_header_signal_h=yes
ac_cv_header_socket_h=no
ac_cv_header_stdarg_h=yes
ac_cv_header_stdc=yes
ac_cv_header_stdint_h=yes
ac_cv_header_stdlib_h=yes
ac_cv_header_string_h=yes
ac_cv_header_strings_h=yes
ac_cv_header_sys_epoll_h=yes
ac_cv_header_sys_ipc_h=yes
ac_cv_header_sys_loadavg_h=no
ac_cv_header_sys_mman_h=yes
ac_cv_header_sys_msg_h=yes
ac_cv_header_sys_poll_h=yes
ac_cv_header_sys_resource_h=yes
ac_cv_header_sys_select_h=yes
ac_cv_header_sys_socket_h=yes
ac_cv_header_sys_stat_h=yes
ac_cv_header_sys_time_h=yes
ac_cv_header_sys_timeb_h=yes
ac_cv_header_sys_types_h=yes
ac_cv_header_sys_un_h=yes
ac_cv_header_sys_wait_h=yes
ac_cv_header_syslog_h=yes
ac_cv_header_time=yes
ac_cv_header_uio_h=no
ac_cv_header_unistd_h=yes
ac_cv_header_wchar_h=yes
ac_cv_host=x86_64-unknown-linux-gnu
ac_cv_lib_dl_dlopen=yes
ac_cv_lib_gd_gdImageCreateTrueColor=yes
ac_cv_lib_gd_gdImagePng_1=no
ac_cv_lib_gd_gdImagePng_2=yes
ac_cv_lib_iconv_main=no
ac_cv_member_struct_tm_tm_zone=yes
ac_cv_objext=o
ac_cv_path_EGREP='/bin/grep -E'
ac_cv_path_GREP=/bin/grep
ac_cv_path_PERL=/usr/bin/perl
ac_cv_path_STRIP=/usr/bin/strip
ac_cv_path_install='/usr/bin/install -c'
ac_cv_prog_CPP='gcc -E'
ac_cv_prog_ac_ct_CC=gcc
ac_cv_prog_cc_c89=
ac_cv_prog_cc_g=yes
ac_cv_prog_make_make_set=yes
ac_cv_search_connect='none required'
ac_cv_search_getservbyname='none required'
ac_cv_search_nanosleep='none required'
ac_cv_struct_tm=time.h
ac_cv_type_getgroups=gid_t
ac_cv_type_mode_t=yes
ac_cv_type_pid_t=yes
ac_cv_type_signal=void
ac_cv_type_size_t=yes
ac_cv_type_uid_t=yes

## ----------------- ##
## Output variables. ##
## ----------------- ##

BASEEXTRALIBS=''
BROKERLIBS=' -ldl'
BROKER_H='../include/broker.h ../include/nebmods.h ../include/nebmodules.h ../include/nebcallbacks.h ../include/neberrors.h'
BROKER_LDFLAGS=' -Wl,-export-dynamic'
BROKER_O='broker.o nebmods.o'
CC='gcc'
CFLAGS='-g -O2'
CGIEXTRAS=' statuswrl.cgi statusmap.cgi trends.cgi histogram.cgi'
CHECKRESULTDIR='${prefix}/var/spool/checkresults'
COMMAND_OPTS='-o nagios -g nagcmd'
CPP='gcc -E'
CPPFLAGS=''
DEFS='-DHAVE_CONFIG_H'
ECHO_C=''
ECHO_N='-n'
ECHO_T=''
EGREP='/bin/grep -E'
EXEEXT=''
GDLIBS='-lgd  -lpng -ljpeg -lz -lm'
GREP='/bin/grep'
HTTPD_CONF='/etc/httpd/conf.d'
INITDIR=''
INSTALL='/usr/bin/install -c'
INSTALL_DATA='${INSTALL} -m 644'
INSTALL_OPTS='-o nagios -g nagios'
INSTALL_PROGRAM='${INSTALL}'
INSTALL_SCRIPT='${INSTALL}'
LDFLAGS=''
LIBOBJS=''
LIBS=''
LTLIBOBJS=''
MAIL_PROG='/bin/mail'
MOD_CFLAGS='-fPIC'
MOD_LDFLAGS='-shared'
OBJEXT='o'
PACKAGE_BUGREPORT=''
PACKAGE_NAME=''
PACKAGE_STRING=''
PACKAGE_TARNAME=''
PACKAGE_URL=''
PACKAGE_VERSION=''
PACKDIR='/home/ben/projectgit/nagios-4.2.0/pkg'
PATH_SEPARATOR=':'
PATH_TO_TRACEROUTE=''
PERL='/usr/bin/perl'
SET_MAKE=''
SHELL='/bin/bash'
SNPRINTF_O=''
SOCKETLIBS=''
STRIP='/usr/bin/strip'
TMPDIR='/tmp'
USE_EVENTBROKER='yes'
USE_LIBTAP='no'
VERSION='4.2.0'
WORKER_CFLAGS='-I ../../include -I ../..'
WORKER_LDFLAGS='-L ../../lib -l nagios'
ac_ct_CC='gcc'
bindir='${exec_prefix}/bin'
build='x86_64-unknown-linux-gnu'
build_alias=''
build_cpu='x86_64'
build_os='linux-gnu'
build_vendor='unknown'
cgiurl='/nagios/cgi-bin'
command_grp='nagcmd'
command_user='nagios'
datadir='${datarootdir}'
datarootdir='${prefix}/share'
docdir='${datarootdir}/doc/${PACKAGE}'
dvidir='${docdir}'
exec_prefix='${prefix}'
host='x86_64-unknown-linux-gnu'
host_alias=''
host_cpu='x86_64'
host_os='linux-gnu'
host_vendor='unknown'
htmldir='${docdir}'
htmurl='/nagios'
includedir='/usr/local/nagios/include/nagios'
infodir='${datarootdir}/info'
init_dir='/etc/init.d'
libdir='${exec_prefix}/lib'
libexecdir='${exec_prefix}/libexec'
localedir='${datarootdir}/locale'
localstatedir='${prefix}/var'
lockfile='${prefix}/var/nagios.lock'
mandir='${datarootdir}/man'
nagios_grp='nagios'
nagios_name='nagios'
nagios_user='nagios'
nagiostats_name='nagiostats'
oldincludedir='/usr/include'
pdfdir='${docdir}'
prefix='/usr/local/nagios'
program_transform_name='s,x,x,'
psdir='${docdir}'
sbindir='${exec_prefix}/sbin'
sharedstatedir='${prefix}/com'
subdirs=''
sysconfdir='${prefix}/etc'
target_alias=''

## ----------- ##
## confdefs.h. ##
## ----------- ##

/* confdefs.h */
#define PACKAGE_NAME ""
#define PACKAGE_TARNAME ""
#define PACKAGE_VERSION ""
#define PACKAGE_STRING ""
#define PACKAGE_BUGREPORT ""
#define PACKAGE_URL ""
#define STDC_HEADERS 1
#define TIME_WITH_SYS_TIME 1
#define HAVE_SYS_WAIT_H 1
#define HAVE_SYS_TYPES_H 1
#define HAVE_SYS_STAT_H 1
#define HAVE_STDLIB_H 1
#define HAVE_STRING_H 1
#define HAVE_MEMORY_H 1
#define HAVE_STRINGS_H 1
#define HAVE_INTTYPES_H 1
#define HAVE_STDINT_H 1
#define HAVE_UNISTD_H 1
#define HAVE_ARPA_INET_H 1
#define HAVE_CTYPE_H 1
#define HAVE_DIRENT_H 1
#define HAVE_ERRNO_H 1
#define HAVE_FCNTL_H 1
#define HAVE_GETOPT_H 1
#define HAVE_GRP_H 1
#define HAVE_LIBGEN_H 1
#define HAVE_LIMITS_H 1
#define HAVE_MATH_H 1
#define HAVE_NETDB_H 1
#define HAVE_NETINET_IN_H 1
#define HAVE_PWD_H 1
#define HAVE_REGEX_H 1
#define HAVE_SIGNAL_H 1
#define HAVE_STDARG_H 1
#define HAVE_STRING_H 1
#define HAVE_STRINGS_H 1
#define HAVE_SYS_MMAN_H 1
#define HAVE_SYS_TYPES_H 1
#define HAVE_SYS_TIME_H 1
#define HAVE_SYS_RESOURCE_H 1
#define HAVE_SYS_WAIT_H 1
#define HAVE_SYS_SOCKET_H 1
#define HAVE_SYS_STAT_H 1
#define HAVE_SYS_TIMEB_H 1
#define HAVE_SYS_UN_H 1
#define HAVE_SYS_IPC_H 1
#define HAVE_SYS_MSG_H 1
#define HAVE_SYS_POLL_H 1
#define HAVE_SYSLOG_H 1
#define HAVE_UNISTD_H 1
#define HAVE_LOCALE_H 1
#define HAVE_WCHAR_H 1
#define HAVE_STRUCT_TM_TM_ZONE 1
#define HAVE_TM_ZONE 1
#define RETSIGTYPE void
#define GETGROUPS_T gid_t
#define HAVE_VA_COPY 1
#define HAVE_SIGACTION 1
#define HAVE_C99_VSNPRINTF 1
#define HAVE_INITGROUPS 1
#define HAVE_SETENV 1
#define HAVE_STRDUP 1
#define HAVE_STRSTR 1
#define HAVE_STRTOUL 1
#define HAVE_UNSETENV 1
#define SOCKET_SIZE_TYPE size_t
#define DEFAULT_NAGIOS_USER "nagios"
#define DEFAULT_NAGIOS_GROUP "nagios"
#define IOBROKER_USES_EPOLL 1
#define USE_STATUSWRL /**/
#define USE_STATUSMAP /**/
#define HAVE_GDIMAGECREATETRUECOLOR 1
#define USE_TRENDS /**/
#define USE_HISTOGRAM /**/
#define USE_NANOSLEEP /**/
#define HAVE_DLFCN_H /**/
#define USE_EVENT_BROKER /**/
#define TRACEROUTE_COMMAND ""

configure: exit 0
